<?xml version="1.0" encoding="UTF-8"?>
<robot generator="Robot 6.1.1 (Python 3.10.12 on linux)" generated="20231119 20:28:48.324" rpa="false" schemaversion="4">
<suite id="s1" name="Tests" source="/home/tuomas/kurssit/ohtu/palautusrepositorio/viikko3/web-login/src/tests">
<suite id="s1-s1" name="Home" source="/home/tuomas/kurssit/ohtu/palautusrepositorio/viikko3/web-login/src/tests/home.robot">
<kw name="Open And Configure Browser" library="resource" type="SETUP">
<kw name="Evaluate" library="BuiltIn">
<var>${options}</var>
<arg>sys.modules['selenium.webdriver'].ChromeOptions()</arg>
<arg>sys</arg>
<doc>Evaluates the given expression in Python and returns the result.</doc>
<msg timestamp="20231119 20:28:48.447" level="INFO">${options} = &lt;selenium.webdriver.chrome.options.Options object at 0x7efe117454b0&gt;</msg>
<status status="PASS" starttime="20231119 20:28:48.446" endtime="20231119 20:28:48.447"/>
</kw>
<kw name="Call Method" library="BuiltIn">
<arg>${options}</arg>
<arg>add_argument</arg>
<arg>--no-sandbox</arg>
<doc>Calls the named method of the given object with the provided arguments.</doc>
<status status="PASS" starttime="20231119 20:28:48.447" endtime="20231119 20:28:48.447"/>
</kw>
<kw name="Call Method" library="BuiltIn">
<arg>${options}</arg>
<arg>add_argument</arg>
<arg>--headless</arg>
<doc>Calls the named method of the given object with the provided arguments.</doc>
<status status="PASS" starttime="20231119 20:28:48.447" endtime="20231119 20:28:48.447"/>
</kw>
<kw name="Open Browser" library="SeleniumLibrary">
<arg>browser=chrome</arg>
<arg>options=${options}</arg>
<doc>Opens a new browser instance to the optional ``url``.</doc>
<msg timestamp="20231119 20:28:48.447" level="INFO">Opening browser 'chrome' to base url 'None'.</msg>
<status status="PASS" starttime="20231119 20:28:48.447" endtime="20231119 20:28:49.074"/>
</kw>
<kw name="Set Selenium Speed" library="SeleniumLibrary">
<arg>${DELAY}</arg>
<doc>Sets the delay that is waited after each Selenium command.</doc>
<status status="PASS" starttime="20231119 20:28:49.074" endtime="20231119 20:28:49.074"/>
</kw>
<status status="PASS" starttime="20231119 20:28:48.446" endtime="20231119 20:28:49.074"/>
</kw>
<test id="s1-s1-t1" name="Click Login Link" line="8">
<kw name="Go To Starting Page" library="resource" type="SETUP">
<kw name="Go To" library="SeleniumLibrary">
<arg>${HOME_URL}</arg>
<doc>Navigates the current browser window to the provided ``url``.</doc>
<msg timestamp="20231119 20:28:49.075" level="INFO">Opening url 'http://localhost:5001'</msg>
<status status="PASS" starttime="20231119 20:28:49.075" endtime="20231119 20:28:49.098"/>
</kw>
<status status="PASS" starttime="20231119 20:28:49.075" endtime="20231119 20:28:49.098"/>
</kw>
<kw name="Click Link" library="SeleniumLibrary">
<arg>Login</arg>
<doc>Clicks a link identified by ``locator``.</doc>
<msg timestamp="20231119 20:28:49.099" level="INFO">Clicking link 'Login'.</msg>
<status status="PASS" starttime="20231119 20:28:49.098" endtime="20231119 20:28:49.141"/>
</kw>
<kw name="Login Page Should Be Open" library="resource">
<kw name="Title Should Be" library="SeleniumLibrary">
<arg>Login</arg>
<doc>Verifies that the current page title equals ``title``.</doc>
<msg timestamp="20231119 20:28:49.144" level="INFO">Page title is 'Login'.</msg>
<status status="PASS" starttime="20231119 20:28:49.141" endtime="20231119 20:28:49.144"/>
</kw>
<status status="PASS" starttime="20231119 20:28:49.141" endtime="20231119 20:28:49.144"/>
</kw>
<status status="PASS" starttime="20231119 20:28:49.074" endtime="20231119 20:28:49.144"/>
</test>
<test id="s1-s1-t2" name="Click Register Link" line="12">
<kw name="Go To Starting Page" library="resource" type="SETUP">
<kw name="Go To" library="SeleniumLibrary">
<arg>${HOME_URL}</arg>
<doc>Navigates the current browser window to the provided ``url``.</doc>
<msg timestamp="20231119 20:28:49.145" level="INFO">Opening url 'http://localhost:5001'</msg>
<status status="PASS" starttime="20231119 20:28:49.145" endtime="20231119 20:28:49.152"/>
</kw>
<status status="PASS" starttime="20231119 20:28:49.145" endtime="20231119 20:28:49.152"/>
</kw>
<kw name="Click Link" library="SeleniumLibrary">
<arg>Register</arg>
<doc>Clicks a link identified by ``locator``.</doc>
<msg timestamp="20231119 20:28:49.153" level="INFO">Clicking link 'Register'.</msg>
<status status="PASS" starttime="20231119 20:28:49.152" endtime="20231119 20:28:49.188"/>
</kw>
<kw name="Register Page Should Be Open" library="resource">
<kw name="Title Should Be" library="SeleniumLibrary">
<arg>Register</arg>
<doc>Verifies that the current page title equals ``title``.</doc>
<msg timestamp="20231119 20:28:49.191" level="INFO">Page title is 'Register'.</msg>
<status status="PASS" starttime="20231119 20:28:49.188" endtime="20231119 20:28:49.191"/>
</kw>
<status status="PASS" starttime="20231119 20:28:49.188" endtime="20231119 20:28:49.191"/>
</kw>
<status status="PASS" starttime="20231119 20:28:49.144" endtime="20231119 20:28:49.191"/>
</test>
<kw name="Close Browser" library="SeleniumLibrary" type="TEARDOWN">
<doc>Closes the current browser.</doc>
<status status="PASS" starttime="20231119 20:28:49.191" endtime="20231119 20:28:49.245"/>
</kw>
<status status="PASS" starttime="20231119 20:28:48.335" endtime="20231119 20:28:49.245"/>
</suite>
<suite id="s1-s2" name="Login" source="/home/tuomas/kurssit/ohtu/palautusrepositorio/viikko3/web-login/src/tests/login.robot">
<kw name="Open And Configure Browser" library="resource" type="SETUP">
<kw name="Evaluate" library="BuiltIn">
<var>${options}</var>
<arg>sys.modules['selenium.webdriver'].ChromeOptions()</arg>
<arg>sys</arg>
<doc>Evaluates the given expression in Python and returns the result.</doc>
<msg timestamp="20231119 20:28:49.248" level="INFO">${options} = &lt;selenium.webdriver.chrome.options.Options object at 0x7efe11746e00&gt;</msg>
<status status="PASS" starttime="20231119 20:28:49.248" endtime="20231119 20:28:49.248"/>
</kw>
<kw name="Call Method" library="BuiltIn">
<arg>${options}</arg>
<arg>add_argument</arg>
<arg>--no-sandbox</arg>
<doc>Calls the named method of the given object with the provided arguments.</doc>
<status status="PASS" starttime="20231119 20:28:49.248" endtime="20231119 20:28:49.249"/>
</kw>
<kw name="Call Method" library="BuiltIn">
<arg>${options}</arg>
<arg>add_argument</arg>
<arg>--headless</arg>
<doc>Calls the named method of the given object with the provided arguments.</doc>
<status status="PASS" starttime="20231119 20:28:49.249" endtime="20231119 20:28:49.249"/>
</kw>
<kw name="Open Browser" library="SeleniumLibrary">
<arg>browser=chrome</arg>
<arg>options=${options}</arg>
<doc>Opens a new browser instance to the optional ``url``.</doc>
<msg timestamp="20231119 20:28:49.249" level="INFO">Opening browser 'chrome' to base url 'None'.</msg>
<status status="PASS" starttime="20231119 20:28:49.249" endtime="20231119 20:28:49.876"/>
</kw>
<kw name="Set Selenium Speed" library="SeleniumLibrary">
<arg>${DELAY}</arg>
<doc>Sets the delay that is waited after each Selenium command.</doc>
<status status="PASS" starttime="20231119 20:28:49.876" endtime="20231119 20:28:49.876"/>
</kw>
<status status="PASS" starttime="20231119 20:28:49.248" endtime="20231119 20:28:49.876"/>
</kw>
<test id="s1-s2-t1" name="Login With Correct Credentials" line="8">
<kw name="Create User And Go To Login Page" type="SETUP">
<kw name="Create User" library="AppLibrary">
<arg>kalle</arg>
<arg>kalle123</arg>
<status status="PASS" starttime="20231119 20:28:49.877" endtime="20231119 20:28:49.882"/>
</kw>
<kw name="Go To Login Page" library="resource">
<kw name="Go To" library="SeleniumLibrary">
<arg>${LOGIN_URL}</arg>
<doc>Navigates the current browser window to the provided ``url``.</doc>
<msg timestamp="20231119 20:28:49.882" level="INFO">Opening url 'http://localhost:5001/login'</msg>
<status status="PASS" starttime="20231119 20:28:49.882" endtime="20231119 20:28:49.907"/>
</kw>
<status status="PASS" starttime="20231119 20:28:49.882" endtime="20231119 20:28:49.907"/>
</kw>
<kw name="Login Page Should Be Open" library="resource">
<kw name="Title Should Be" library="SeleniumLibrary">
<arg>Login</arg>
<doc>Verifies that the current page title equals ``title``.</doc>
<msg timestamp="20231119 20:28:49.911" level="INFO">Page title is 'Login'.</msg>
<status status="PASS" starttime="20231119 20:28:49.908" endtime="20231119 20:28:49.911"/>
</kw>
<status status="PASS" starttime="20231119 20:28:49.908" endtime="20231119 20:28:49.911"/>
</kw>
<status status="PASS" starttime="20231119 20:28:49.876" endtime="20231119 20:28:49.911"/>
</kw>
<kw name="Set Username">
<arg>kalle</arg>
<kw name="Input Text" library="SeleniumLibrary">
<arg>username</arg>
<arg>${username}</arg>
<doc>Types the given ``text`` into the text field identified by ``locator``.</doc>
<msg timestamp="20231119 20:28:49.912" level="INFO">Typing text 'kalle' into text field 'username'.</msg>
<status status="PASS" starttime="20231119 20:28:49.911" endtime="20231119 20:28:49.971"/>
</kw>
<status status="PASS" starttime="20231119 20:28:49.911" endtime="20231119 20:28:49.971"/>
</kw>
<kw name="Set Password">
<arg>kalle123</arg>
<kw name="Input Password" library="SeleniumLibrary">
<arg>password</arg>
<arg>${password}</arg>
<doc>Types the given password into the text field identified by ``locator``.</doc>
<msg timestamp="20231119 20:28:49.972" level="INFO">Typing password into text field 'password'.</msg>
<msg timestamp="20231119 20:28:49.994" level="INFO">Temporally setting log level to: NONE</msg>
<msg timestamp="20231119 20:28:50.017" level="INFO">Log level changed from NONE to INFO.</msg>
<status status="PASS" starttime="20231119 20:28:49.971" endtime="20231119 20:28:50.017"/>
</kw>
<status status="PASS" starttime="20231119 20:28:49.971" endtime="20231119 20:28:50.017"/>
</kw>
<kw name="Submit Credentials">
<kw name="Click Button" library="SeleniumLibrary">
<arg>Login</arg>
<doc>Clicks the button identified by ``locator``.</doc>
<msg timestamp="20231119 20:28:50.018" level="INFO">Clicking button 'Login'.</msg>
<status status="PASS" starttime="20231119 20:28:50.017" endtime="20231119 20:28:50.060"/>
</kw>
<status status="PASS" starttime="20231119 20:28:50.017" endtime="20231119 20:28:50.060"/>
</kw>
<kw name="Login Should Succeed">
<kw name="Main Page Should Be Open" library="resource">
<kw name="Title Should Be" library="SeleniumLibrary">
<arg>Ohtu Application main page</arg>
<doc>Verifies that the current page title equals ``title``.</doc>
<msg timestamp="20231119 20:28:50.062" level="INFO">Page title is 'Ohtu Application main page'.</msg>
<status status="PASS" starttime="20231119 20:28:50.060" endtime="20231119 20:28:50.062"/>
</kw>
<status status="PASS" starttime="20231119 20:28:50.060" endtime="20231119 20:28:50.062"/>
</kw>
<status status="PASS" starttime="20231119 20:28:50.060" endtime="20231119 20:28:50.062"/>
</kw>
<status status="PASS" starttime="20231119 20:28:49.876" endtime="20231119 20:28:50.063"/>
</test>
<test id="s1-s2-t2" name="Login With Incorrect Password" line="14">
<kw name="Create User And Go To Login Page" type="SETUP">
<kw name="Create User" library="AppLibrary">
<arg>kalle</arg>
<arg>kalle123</arg>
<status status="PASS" starttime="20231119 20:28:50.063" endtime="20231119 20:28:50.069"/>
</kw>
<kw name="Go To Login Page" library="resource">
<kw name="Go To" library="SeleniumLibrary">
<arg>${LOGIN_URL}</arg>
<doc>Navigates the current browser window to the provided ``url``.</doc>
<msg timestamp="20231119 20:28:50.070" level="INFO">Opening url 'http://localhost:5001/login'</msg>
<status status="PASS" starttime="20231119 20:28:50.070" endtime="20231119 20:28:50.077"/>
</kw>
<status status="PASS" starttime="20231119 20:28:50.069" endtime="20231119 20:28:50.077"/>
</kw>
<kw name="Login Page Should Be Open" library="resource">
<kw name="Title Should Be" library="SeleniumLibrary">
<arg>Login</arg>
<doc>Verifies that the current page title equals ``title``.</doc>
<msg timestamp="20231119 20:28:50.079" level="INFO">Page title is 'Login'.</msg>
<status status="PASS" starttime="20231119 20:28:50.077" endtime="20231119 20:28:50.079"/>
</kw>
<status status="PASS" starttime="20231119 20:28:50.077" endtime="20231119 20:28:50.080"/>
</kw>
<status status="PASS" starttime="20231119 20:28:50.063" endtime="20231119 20:28:50.080"/>
</kw>
<kw name="Set Username">
<arg>kalle</arg>
<kw name="Input Text" library="SeleniumLibrary">
<arg>username</arg>
<arg>${username}</arg>
<doc>Types the given ``text`` into the text field identified by ``locator``.</doc>
<msg timestamp="20231119 20:28:50.080" level="INFO">Typing text 'kalle' into text field 'username'.</msg>
<status status="PASS" starttime="20231119 20:28:50.080" endtime="20231119 20:28:50.123"/>
</kw>
<status status="PASS" starttime="20231119 20:28:50.080" endtime="20231119 20:28:50.123"/>
</kw>
<kw name="Set Password">
<arg>kalle456</arg>
<kw name="Input Password" library="SeleniumLibrary">
<arg>password</arg>
<arg>${password}</arg>
<doc>Types the given password into the text field identified by ``locator``.</doc>
<msg timestamp="20231119 20:28:50.124" level="INFO">Typing password into text field 'password'.</msg>
<msg timestamp="20231119 20:28:50.142" level="INFO">Temporally setting log level to: NONE</msg>
<msg timestamp="20231119 20:28:50.164" level="INFO">Log level changed from NONE to INFO.</msg>
<status status="PASS" starttime="20231119 20:28:50.123" endtime="20231119 20:28:50.164"/>
</kw>
<status status="PASS" starttime="20231119 20:28:50.123" endtime="20231119 20:28:50.164"/>
</kw>
<kw name="Submit Credentials">
<kw name="Click Button" library="SeleniumLibrary">
<arg>Login</arg>
<doc>Clicks the button identified by ``locator``.</doc>
<msg timestamp="20231119 20:28:50.165" level="INFO">Clicking button 'Login'.</msg>
<status status="PASS" starttime="20231119 20:28:50.165" endtime="20231119 20:28:50.199"/>
</kw>
<status status="PASS" starttime="20231119 20:28:50.165" endtime="20231119 20:28:50.199"/>
</kw>
<kw name="Login Should Fail With Message">
<arg>Invalid username or password</arg>
<kw name="Login Page Should Be Open" library="resource">
<kw name="Title Should Be" library="SeleniumLibrary">
<arg>Login</arg>
<doc>Verifies that the current page title equals ``title``.</doc>
<msg timestamp="20231119 20:28:50.202" level="INFO">Page title is 'Login'.</msg>
<status status="PASS" starttime="20231119 20:28:50.199" endtime="20231119 20:28:50.202"/>
</kw>
<status status="PASS" starttime="20231119 20:28:50.199" endtime="20231119 20:28:50.202"/>
</kw>
<kw name="Page Should Contain" library="SeleniumLibrary">
<arg>${message}</arg>
<doc>Verifies that current page contains ``text``.</doc>
<msg timestamp="20231119 20:28:50.210" level="INFO">Current page contains text 'Invalid username or password'.</msg>
<status status="PASS" starttime="20231119 20:28:50.202" endtime="20231119 20:28:50.210"/>
</kw>
<status status="PASS" starttime="20231119 20:28:50.199" endtime="20231119 20:28:50.210"/>
</kw>
<status status="PASS" starttime="20231119 20:28:50.063" endtime="20231119 20:28:50.210"/>
</test>
<test id="s1-s2-t3" name="Login With Nonexistent Username" line="20">
<kw name="Create User And Go To Login Page" type="SETUP">
<kw name="Create User" library="AppLibrary">
<arg>kalle</arg>
<arg>kalle123</arg>
<status status="PASS" starttime="20231119 20:28:50.211" endtime="20231119 20:28:50.219"/>
</kw>
<kw name="Go To Login Page" library="resource">
<kw name="Go To" library="SeleniumLibrary">
<arg>${LOGIN_URL}</arg>
<doc>Navigates the current browser window to the provided ``url``.</doc>
<msg timestamp="20231119 20:28:50.219" level="INFO">Opening url 'http://localhost:5001/login'</msg>
<status status="PASS" starttime="20231119 20:28:50.219" endtime="20231119 20:28:50.227"/>
</kw>
<status status="PASS" starttime="20231119 20:28:50.219" endtime="20231119 20:28:50.227"/>
</kw>
<kw name="Login Page Should Be Open" library="resource">
<kw name="Title Should Be" library="SeleniumLibrary">
<arg>Login</arg>
<doc>Verifies that the current page title equals ``title``.</doc>
<msg timestamp="20231119 20:28:50.229" level="INFO">Page title is 'Login'.</msg>
<status status="PASS" starttime="20231119 20:28:50.227" endtime="20231119 20:28:50.229"/>
</kw>
<status status="PASS" starttime="20231119 20:28:50.227" endtime="20231119 20:28:50.229"/>
</kw>
<status status="PASS" starttime="20231119 20:28:50.211" endtime="20231119 20:28:50.229"/>
</kw>
<kw name="Set Username">
<arg>kalle2</arg>
<kw name="Input Text" library="SeleniumLibrary">
<arg>username</arg>
<arg>${username}</arg>
<doc>Types the given ``text`` into the text field identified by ``locator``.</doc>
<msg timestamp="20231119 20:28:50.230" level="INFO">Typing text 'kalle2' into text field 'username'.</msg>
<status status="PASS" starttime="20231119 20:28:50.230" endtime="20231119 20:28:50.270"/>
</kw>
<status status="PASS" starttime="20231119 20:28:50.230" endtime="20231119 20:28:50.270"/>
</kw>
<kw name="Set Password">
<arg>kalle123</arg>
<kw name="Input Password" library="SeleniumLibrary">
<arg>password</arg>
<arg>${password}</arg>
<doc>Types the given password into the text field identified by ``locator``.</doc>
<msg timestamp="20231119 20:28:50.270" level="INFO">Typing password into text field 'password'.</msg>
<msg timestamp="20231119 20:28:50.289" level="INFO">Temporally setting log level to: NONE</msg>
<msg timestamp="20231119 20:28:50.310" level="INFO">Log level changed from NONE to INFO.</msg>
<status status="PASS" starttime="20231119 20:28:50.270" endtime="20231119 20:28:50.310"/>
</kw>
<status status="PASS" starttime="20231119 20:28:50.270" endtime="20231119 20:28:50.310"/>
</kw>
<kw name="Submit Credentials">
<kw name="Click Button" library="SeleniumLibrary">
<arg>Login</arg>
<doc>Clicks the button identified by ``locator``.</doc>
<msg timestamp="20231119 20:28:50.311" level="INFO">Clicking button 'Login'.</msg>
<status status="PASS" starttime="20231119 20:28:50.311" endtime="20231119 20:28:50.346"/>
</kw>
<status status="PASS" starttime="20231119 20:28:50.311" endtime="20231119 20:28:50.346"/>
</kw>
<kw name="Login Should Fail With Message">
<arg>Invalid username or password</arg>
<kw name="Login Page Should Be Open" library="resource">
<kw name="Title Should Be" library="SeleniumLibrary">
<arg>Login</arg>
<doc>Verifies that the current page title equals ``title``.</doc>
<msg timestamp="20231119 20:28:50.350" level="INFO">Page title is 'Login'.</msg>
<status status="PASS" starttime="20231119 20:28:50.347" endtime="20231119 20:28:50.350"/>
</kw>
<status status="PASS" starttime="20231119 20:28:50.347" endtime="20231119 20:28:50.350"/>
</kw>
<kw name="Page Should Contain" library="SeleniumLibrary">
<arg>${message}</arg>
<doc>Verifies that current page contains ``text``.</doc>
<msg timestamp="20231119 20:28:50.356" level="INFO">Current page contains text 'Invalid username or password'.</msg>
<status status="PASS" starttime="20231119 20:28:50.350" endtime="20231119 20:28:50.356"/>
</kw>
<status status="PASS" starttime="20231119 20:28:50.346" endtime="20231119 20:28:50.356"/>
</kw>
<status status="PASS" starttime="20231119 20:28:50.211" endtime="20231119 20:28:50.357"/>
</test>
<kw name="Close Browser" library="SeleniumLibrary" type="TEARDOWN">
<doc>Closes the current browser.</doc>
<status status="PASS" starttime="20231119 20:28:50.357" endtime="20231119 20:28:50.417"/>
</kw>
<status status="PASS" starttime="20231119 20:28:49.246" endtime="20231119 20:28:50.417"/>
</suite>
<suite id="s1-s3" name="Register" source="/home/tuomas/kurssit/ohtu/palautusrepositorio/viikko3/web-login/src/tests/register.robot">
<kw name="Open And Configure Browser" library="resource" type="SETUP">
<kw name="Evaluate" library="BuiltIn">
<var>${options}</var>
<arg>sys.modules['selenium.webdriver'].ChromeOptions()</arg>
<arg>sys</arg>
<doc>Evaluates the given expression in Python and returns the result.</doc>
<msg timestamp="20231119 20:28:50.425" level="INFO">${options} = &lt;selenium.webdriver.chrome.options.Options object at 0x7efe11497e20&gt;</msg>
<status status="PASS" starttime="20231119 20:28:50.424" endtime="20231119 20:28:50.425"/>
</kw>
<kw name="Call Method" library="BuiltIn">
<arg>${options}</arg>
<arg>add_argument</arg>
<arg>--no-sandbox</arg>
<doc>Calls the named method of the given object with the provided arguments.</doc>
<status status="PASS" starttime="20231119 20:28:50.425" endtime="20231119 20:28:50.425"/>
</kw>
<kw name="Call Method" library="BuiltIn">
<arg>${options}</arg>
<arg>add_argument</arg>
<arg>--headless</arg>
<doc>Calls the named method of the given object with the provided arguments.</doc>
<status status="PASS" starttime="20231119 20:28:50.425" endtime="20231119 20:28:50.426"/>
</kw>
<kw name="Open Browser" library="SeleniumLibrary">
<arg>browser=chrome</arg>
<arg>options=${options}</arg>
<doc>Opens a new browser instance to the optional ``url``.</doc>
<msg timestamp="20231119 20:28:50.427" level="INFO">Opening browser 'chrome' to base url 'None'.</msg>
<status status="PASS" starttime="20231119 20:28:50.426" endtime="20231119 20:28:51.057"/>
</kw>
<kw name="Set Selenium Speed" library="SeleniumLibrary">
<arg>${DELAY}</arg>
<doc>Sets the delay that is waited after each Selenium command.</doc>
<status status="PASS" starttime="20231119 20:28:51.057" endtime="20231119 20:28:51.058"/>
</kw>
<status status="PASS" starttime="20231119 20:28:50.424" endtime="20231119 20:28:51.058"/>
</kw>
<test id="s1-s3-t1" name="Register With Valid Username And Password" line="15">
<kw name="Go To Register Page1" type="SETUP">
<kw name="Go To Register Page" library="resource">
<kw name="Go To" library="SeleniumLibrary">
<arg>${REGISTER_URL}</arg>
<doc>Navigates the current browser window to the provided ``url``.</doc>
<msg timestamp="20231119 20:28:51.058" level="INFO">Opening url 'http://localhost:5001/register'</msg>
<status status="PASS" starttime="20231119 20:28:51.058" endtime="20231119 20:28:51.084"/>
</kw>
<status status="PASS" starttime="20231119 20:28:51.058" endtime="20231119 20:28:51.084"/>
</kw>
<status status="PASS" starttime="20231119 20:28:51.058" endtime="20231119 20:28:51.084"/>
</kw>
<kw name="Set Username">
<arg>${VALID_USERNAME}</arg>
<kw name="Input Text" library="SeleniumLibrary">
<arg>username</arg>
<arg>${username}</arg>
<doc>Types the given ``text`` into the text field identified by ``locator``.</doc>
<msg timestamp="20231119 20:28:51.085" level="INFO">Typing text 'testuser' into text field 'username'.</msg>
<status status="PASS" starttime="20231119 20:28:51.085" endtime="20231119 20:28:51.141"/>
</kw>
<status status="PASS" starttime="20231119 20:28:51.085" endtime="20231119 20:28:51.141"/>
</kw>
<kw name="Set Password">
<arg>${VALID_PASSWORD}</arg>
<kw name="Input Password" library="SeleniumLibrary">
<arg>password</arg>
<arg>${password}</arg>
<doc>Types the given password into the text field identified by ``locator``.</doc>
<msg timestamp="20231119 20:28:51.142" level="INFO">Typing password into text field 'password'.</msg>
<msg timestamp="20231119 20:28:51.165" level="INFO">Temporally setting log level to: NONE</msg>
<msg timestamp="20231119 20:28:51.186" level="INFO">Log level changed from NONE to INFO.</msg>
<status status="PASS" starttime="20231119 20:28:51.142" endtime="20231119 20:28:51.186"/>
</kw>
<status status="PASS" starttime="20231119 20:28:51.142" endtime="20231119 20:28:51.186"/>
</kw>
<kw name="Set Password Confirmation">
<arg>${VALID_PASSWORD}</arg>
<kw name="Input Password" library="SeleniumLibrary">
<arg>password_confirmation</arg>
<arg>${password}</arg>
<doc>Types the given password into the text field identified by ``locator``.</doc>
<msg timestamp="20231119 20:28:51.186" level="INFO">Typing password into text field 'password_confirmation'.</msg>
<msg timestamp="20231119 20:28:51.206" level="INFO">Temporally setting log level to: NONE</msg>
<msg timestamp="20231119 20:28:51.226" level="INFO">Log level changed from NONE to INFO.</msg>
<status status="PASS" starttime="20231119 20:28:51.186" endtime="20231119 20:28:51.226"/>
</kw>
<status status="PASS" starttime="20231119 20:28:51.186" endtime="20231119 20:28:51.226"/>
</kw>
<kw name="Submit Registration">
<kw name="Click Button" library="SeleniumLibrary">
<arg>Register</arg>
<doc>Clicks the button identified by ``locator``.</doc>
<msg timestamp="20231119 20:28:51.227" level="INFO">Clicking button 'Register'.</msg>
<status status="PASS" starttime="20231119 20:28:51.226" endtime="20231119 20:28:51.268"/>
</kw>
<status status="PASS" starttime="20231119 20:28:51.226" endtime="20231119 20:28:51.268"/>
</kw>
<kw name="Registration Should Be Successful">
<arg>Welcome to Ohtu Application!</arg>
<kw name="Page Should Contain" library="SeleniumLibrary">
<arg>${message}</arg>
<doc>Verifies that current page contains ``text``.</doc>
<msg timestamp="20231119 20:28:51.277" level="INFO">Current page contains text 'Welcome to Ohtu Application!'.</msg>
<status status="PASS" starttime="20231119 20:28:51.268" endtime="20231119 20:28:51.277"/>
</kw>
<status status="PASS" starttime="20231119 20:28:51.268" endtime="20231119 20:28:51.277"/>
</kw>
<status status="PASS" starttime="20231119 20:28:51.058" endtime="20231119 20:28:51.277"/>
</test>
<test id="s1-s3-t2" name="Register With Too Short Username And Valid Password" line="22">
<kw name="Go To Register Page1" type="SETUP">
<kw name="Go To Register Page" library="resource">
<kw name="Go To" library="SeleniumLibrary">
<arg>${REGISTER_URL}</arg>
<doc>Navigates the current browser window to the provided ``url``.</doc>
<msg timestamp="20231119 20:28:51.278" level="INFO">Opening url 'http://localhost:5001/register'</msg>
<status status="PASS" starttime="20231119 20:28:51.278" endtime="20231119 20:28:51.287"/>
</kw>
<status status="PASS" starttime="20231119 20:28:51.278" endtime="20231119 20:28:51.287"/>
</kw>
<status status="PASS" starttime="20231119 20:28:51.277" endtime="20231119 20:28:51.287"/>
</kw>
<kw name="Set Username">
<arg>${TOO_SHORT_USERNAME}</arg>
<kw name="Input Text" library="SeleniumLibrary">
<arg>username</arg>
<arg>${username}</arg>
<doc>Types the given ``text`` into the text field identified by ``locator``.</doc>
<msg timestamp="20231119 20:28:51.288" level="INFO">Typing text 'te' into text field 'username'.</msg>
<status status="PASS" starttime="20231119 20:28:51.287" endtime="20231119 20:28:51.327"/>
</kw>
<status status="PASS" starttime="20231119 20:28:51.287" endtime="20231119 20:28:51.327"/>
</kw>
<kw name="Set Password">
<arg>${VALID_PASSWORD}</arg>
<kw name="Input Password" library="SeleniumLibrary">
<arg>password</arg>
<arg>${password}</arg>
<doc>Types the given password into the text field identified by ``locator``.</doc>
<msg timestamp="20231119 20:28:51.328" level="INFO">Typing password into text field 'password'.</msg>
<msg timestamp="20231119 20:28:51.344" level="INFO">Temporally setting log level to: NONE</msg>
<msg timestamp="20231119 20:28:51.367" level="INFO">Log level changed from NONE to INFO.</msg>
<status status="PASS" starttime="20231119 20:28:51.327" endtime="20231119 20:28:51.367"/>
</kw>
<status status="PASS" starttime="20231119 20:28:51.327" endtime="20231119 20:28:51.367"/>
</kw>
<kw name="Set Password Confirmation">
<arg>${VALID_PASSWORD}</arg>
<kw name="Input Password" library="SeleniumLibrary">
<arg>password_confirmation</arg>
<arg>${password}</arg>
<doc>Types the given password into the text field identified by ``locator``.</doc>
<msg timestamp="20231119 20:28:51.368" level="INFO">Typing password into text field 'password_confirmation'.</msg>
<msg timestamp="20231119 20:28:51.386" level="INFO">Temporally setting log level to: NONE</msg>
<msg timestamp="20231119 20:28:51.406" level="INFO">Log level changed from NONE to INFO.</msg>
<status status="PASS" starttime="20231119 20:28:51.367" endtime="20231119 20:28:51.406"/>
</kw>
<status status="PASS" starttime="20231119 20:28:51.367" endtime="20231119 20:28:51.406"/>
</kw>
<kw name="Submit Registration">
<kw name="Click Button" library="SeleniumLibrary">
<arg>Register</arg>
<doc>Clicks the button identified by ``locator``.</doc>
<msg timestamp="20231119 20:28:51.407" level="INFO">Clicking button 'Register'.</msg>
<status status="PASS" starttime="20231119 20:28:51.407" endtime="20231119 20:28:51.440"/>
</kw>
<status status="PASS" starttime="20231119 20:28:51.406" endtime="20231119 20:28:51.440"/>
</kw>
<kw name="Registration Should Fail">
<arg>Username must be at least 3 characters long</arg>
<kw name="Page Should Contain" library="SeleniumLibrary">
<arg>${message}</arg>
<doc>Verifies that current page contains ``text``.</doc>
<msg timestamp="20231119 20:28:51.459" level="INFO">Current page contains text 'Username must be at least 3 characters long'.</msg>
<status status="PASS" starttime="20231119 20:28:51.440" endtime="20231119 20:28:51.459"/>
</kw>
<status status="PASS" starttime="20231119 20:28:51.440" endtime="20231119 20:28:51.459"/>
</kw>
<status status="PASS" starttime="20231119 20:28:51.277" endtime="20231119 20:28:51.459"/>
</test>
<test id="s1-s3-t3" name="Register With Valid Username And Invalid Password" line="29">
<kw name="Go To Register Page1" type="SETUP">
<kw name="Go To Register Page" library="resource">
<kw name="Go To" library="SeleniumLibrary">
<arg>${REGISTER_URL}</arg>
<doc>Navigates the current browser window to the provided ``url``.</doc>
<msg timestamp="20231119 20:28:51.460" level="INFO">Opening url 'http://localhost:5001/register'</msg>
<status status="PASS" starttime="20231119 20:28:51.460" endtime="20231119 20:28:51.470"/>
</kw>
<status status="PASS" starttime="20231119 20:28:51.460" endtime="20231119 20:28:51.470"/>
</kw>
<status status="PASS" starttime="20231119 20:28:51.460" endtime="20231119 20:28:51.470"/>
</kw>
<kw name="Set Username">
<arg>${VALID_USERNAME}</arg>
<kw name="Input Text" library="SeleniumLibrary">
<arg>username</arg>
<arg>${username}</arg>
<doc>Types the given ``text`` into the text field identified by ``locator``.</doc>
<msg timestamp="20231119 20:28:51.471" level="INFO">Typing text 'testuser' into text field 'username'.</msg>
<status status="PASS" starttime="20231119 20:28:51.471" endtime="20231119 20:28:51.511"/>
</kw>
<status status="PASS" starttime="20231119 20:28:51.470" endtime="20231119 20:28:51.511"/>
</kw>
<kw name="Set Password">
<arg>${INVALID_PASSWORD}</arg>
<kw name="Input Password" library="SeleniumLibrary">
<arg>password</arg>
<arg>${password}</arg>
<doc>Types the given password into the text field identified by ``locator``.</doc>
<msg timestamp="20231119 20:28:51.511" level="INFO">Typing password into text field 'password'.</msg>
<msg timestamp="20231119 20:28:51.528" level="INFO">Temporally setting log level to: NONE</msg>
<msg timestamp="20231119 20:28:51.548" level="INFO">Log level changed from NONE to INFO.</msg>
<status status="PASS" starttime="20231119 20:28:51.511" endtime="20231119 20:28:51.548"/>
</kw>
<status status="PASS" starttime="20231119 20:28:51.511" endtime="20231119 20:28:51.548"/>
</kw>
<kw name="Set Password Confirmation">
<arg>${INVALID_PASSWORD}</arg>
<kw name="Input Password" library="SeleniumLibrary">
<arg>password_confirmation</arg>
<arg>${password}</arg>
<doc>Types the given password into the text field identified by ``locator``.</doc>
<msg timestamp="20231119 20:28:51.549" level="INFO">Typing password into text field 'password_confirmation'.</msg>
<msg timestamp="20231119 20:28:51.567" level="INFO">Temporally setting log level to: NONE</msg>
<msg timestamp="20231119 20:28:51.586" level="INFO">Log level changed from NONE to INFO.</msg>
<status status="PASS" starttime="20231119 20:28:51.549" endtime="20231119 20:28:51.586"/>
</kw>
<status status="PASS" starttime="20231119 20:28:51.548" endtime="20231119 20:28:51.586"/>
</kw>
<kw name="Submit Registration">
<kw name="Click Button" library="SeleniumLibrary">
<arg>Register</arg>
<doc>Clicks the button identified by ``locator``.</doc>
<msg timestamp="20231119 20:28:51.587" level="INFO">Clicking button 'Register'.</msg>
<status status="PASS" starttime="20231119 20:28:51.586" endtime="20231119 20:28:51.619"/>
</kw>
<status status="PASS" starttime="20231119 20:28:51.586" endtime="20231119 20:28:51.619"/>
</kw>
<kw name="Registration Should Fail">
<arg>Password must be at least 8 characters long</arg>
<kw name="Page Should Contain" library="SeleniumLibrary">
<arg>${message}</arg>
<doc>Verifies that current page contains ``text``.</doc>
<msg timestamp="20231119 20:28:51.628" level="INFO">Current page contains text 'Password must be at least 8 characters long'.</msg>
<status status="PASS" starttime="20231119 20:28:51.620" endtime="20231119 20:28:51.628"/>
</kw>
<status status="PASS" starttime="20231119 20:28:51.619" endtime="20231119 20:28:51.628"/>
</kw>
<status status="PASS" starttime="20231119 20:28:51.460" endtime="20231119 20:28:51.628"/>
</test>
<test id="s1-s3-t4" name="Register With Nonmatching Password And Password Confirmation" line="36">
<kw name="Go To Register Page1" type="SETUP">
<kw name="Go To Register Page" library="resource">
<kw name="Go To" library="SeleniumLibrary">
<arg>${REGISTER_URL}</arg>
<doc>Navigates the current browser window to the provided ``url``.</doc>
<msg timestamp="20231119 20:28:51.629" level="INFO">Opening url 'http://localhost:5001/register'</msg>
<status status="PASS" starttime="20231119 20:28:51.629" endtime="20231119 20:28:51.637"/>
</kw>
<status status="PASS" starttime="20231119 20:28:51.629" endtime="20231119 20:28:51.637"/>
</kw>
<status status="PASS" starttime="20231119 20:28:51.629" endtime="20231119 20:28:51.637"/>
</kw>
<kw name="Set Username">
<arg>${VALID_USERNAME}</arg>
<kw name="Input Text" library="SeleniumLibrary">
<arg>username</arg>
<arg>${username}</arg>
<doc>Types the given ``text`` into the text field identified by ``locator``.</doc>
<msg timestamp="20231119 20:28:51.638" level="INFO">Typing text 'testuser' into text field 'username'.</msg>
<status status="PASS" starttime="20231119 20:28:51.637" endtime="20231119 20:28:51.676"/>
</kw>
<status status="PASS" starttime="20231119 20:28:51.637" endtime="20231119 20:28:51.676"/>
</kw>
<kw name="Set Password">
<arg>${VALID_PASSWORD}</arg>
<kw name="Input Password" library="SeleniumLibrary">
<arg>password</arg>
<arg>${password}</arg>
<doc>Types the given password into the text field identified by ``locator``.</doc>
<msg timestamp="20231119 20:28:51.677" level="INFO">Typing password into text field 'password'.</msg>
<msg timestamp="20231119 20:28:51.693" level="INFO">Temporally setting log level to: NONE</msg>
<msg timestamp="20231119 20:28:51.715" level="INFO">Log level changed from NONE to INFO.</msg>
<status status="PASS" starttime="20231119 20:28:51.677" endtime="20231119 20:28:51.715"/>
</kw>
<status status="PASS" starttime="20231119 20:28:51.677" endtime="20231119 20:28:51.715"/>
</kw>
<kw name="Set Password Confirmation">
<arg>${INVALID_PASSWORD}</arg>
<kw name="Input Password" library="SeleniumLibrary">
<arg>password_confirmation</arg>
<arg>${password}</arg>
<doc>Types the given password into the text field identified by ``locator``.</doc>
<msg timestamp="20231119 20:28:51.716" level="INFO">Typing password into text field 'password_confirmation'.</msg>
<msg timestamp="20231119 20:28:51.734" level="INFO">Temporally setting log level to: NONE</msg>
<msg timestamp="20231119 20:28:51.754" level="INFO">Log level changed from NONE to INFO.</msg>
<status status="PASS" starttime="20231119 20:28:51.716" endtime="20231119 20:28:51.754"/>
</kw>
<status status="PASS" starttime="20231119 20:28:51.716" endtime="20231119 20:28:51.754"/>
</kw>
<kw name="Submit Registration">
<kw name="Click Button" library="SeleniumLibrary">
<arg>Register</arg>
<doc>Clicks the button identified by ``locator``.</doc>
<msg timestamp="20231119 20:28:51.755" level="INFO">Clicking button 'Register'.</msg>
<status status="PASS" starttime="20231119 20:28:51.754" endtime="20231119 20:28:51.788"/>
</kw>
<status status="PASS" starttime="20231119 20:28:51.754" endtime="20231119 20:28:51.788"/>
</kw>
<kw name="Registration Should Fail">
<arg>Password and password confirmation do not match</arg>
<kw name="Page Should Contain" library="SeleniumLibrary">
<arg>${message}</arg>
<doc>Verifies that current page contains ``text``.</doc>
<msg timestamp="20231119 20:28:51.796" level="INFO">Current page contains text 'Password and password confirmation do not match'.</msg>
<status status="PASS" starttime="20231119 20:28:51.788" endtime="20231119 20:28:51.797"/>
</kw>
<status status="PASS" starttime="20231119 20:28:51.788" endtime="20231119 20:28:51.797"/>
</kw>
<status status="PASS" starttime="20231119 20:28:51.629" endtime="20231119 20:28:51.797"/>
</test>
<kw name="Close Browser" library="SeleniumLibrary" type="TEARDOWN">
<doc>Closes the current browser.</doc>
<status status="PASS" starttime="20231119 20:28:51.797" endtime="20231119 20:28:51.857"/>
</kw>
<status status="PASS" starttime="20231119 20:28:50.419" endtime="20231119 20:28:51.857"/>
</suite>
<status status="PASS" starttime="20231119 20:28:48.325" endtime="20231119 20:28:51.859"/>
</suite>
<statistics>
<total>
<stat pass="9" fail="0" skip="0">All Tests</stat>
</total>
<tag>
</tag>
<suite>
<stat pass="9" fail="0" skip="0" id="s1" name="Tests">Tests</stat>
<stat pass="2" fail="0" skip="0" id="s1-s1" name="Home">Tests.Home</stat>
<stat pass="3" fail="0" skip="0" id="s1-s2" name="Login">Tests.Login</stat>
<stat pass="4" fail="0" skip="0" id="s1-s3" name="Register">Tests.Register</stat>
</suite>
</statistics>
<errors>
</errors>
</robot>
