<?xml version="1.0" encoding="UTF-8"?>
<robot generator="Robot 6.1.1 (Python 3.10.12 on linux)" generated="20231121 15:13:10.728" rpa="false" schemaversion="4">
<suite id="s1" name="Tests" source="/home/tuomas/kurssit/ohtu/palautusrepositorio/viikko3/web-login/src/tests">
<suite id="s1-s1" name="Home" source="/home/tuomas/kurssit/ohtu/palautusrepositorio/viikko3/web-login/src/tests/home.robot">
<kw name="Open And Configure Browser" library="resource" type="SETUP">
<kw name="Evaluate" library="BuiltIn">
<var>${options}</var>
<arg>sys.modules['selenium.webdriver'].ChromeOptions()</arg>
<arg>sys</arg>
<doc>Evaluates the given expression in Python and returns the result.</doc>
<msg timestamp="20231121 15:13:10.836" level="INFO">${options} = &lt;selenium.webdriver.chrome.options.Options object at 0x7f6fd1039480&gt;</msg>
<status status="PASS" starttime="20231121 15:13:10.836" endtime="20231121 15:13:10.836"/>
</kw>
<kw name="Call Method" library="BuiltIn">
<arg>${options}</arg>
<arg>add_argument</arg>
<arg>--no-sandbox</arg>
<doc>Calls the named method of the given object with the provided arguments.</doc>
<status status="PASS" starttime="20231121 15:13:10.836" endtime="20231121 15:13:10.836"/>
</kw>
<kw name="Call Method" library="BuiltIn">
<arg>${options}</arg>
<arg>add_argument</arg>
<arg>--headless</arg>
<doc>Calls the named method of the given object with the provided arguments.</doc>
<status status="PASS" starttime="20231121 15:13:10.836" endtime="20231121 15:13:10.836"/>
</kw>
<kw name="Open Browser" library="SeleniumLibrary">
<arg>browser=chrome</arg>
<arg>options=${options}</arg>
<doc>Opens a new browser instance to the optional ``url``.</doc>
<msg timestamp="20231121 15:13:10.837" level="INFO">Opening browser 'chrome' to base url 'None'.</msg>
<status status="PASS" starttime="20231121 15:13:10.836" endtime="20231121 15:13:11.463"/>
</kw>
<kw name="Set Selenium Speed" library="SeleniumLibrary">
<arg>${DELAY}</arg>
<doc>Sets the delay that is waited after each Selenium command.</doc>
<status status="PASS" starttime="20231121 15:13:11.463" endtime="20231121 15:13:11.464"/>
</kw>
<status status="PASS" starttime="20231121 15:13:10.836" endtime="20231121 15:13:11.464"/>
</kw>
<test id="s1-s1-t1" name="Click Login Link" line="8">
<kw name="Go To Starting Page" library="resource" type="SETUP">
<kw name="Go To" library="SeleniumLibrary">
<arg>${HOME_URL}</arg>
<doc>Navigates the current browser window to the provided ``url``.</doc>
<msg timestamp="20231121 15:13:11.465" level="INFO">Opening url 'http://localhost:5001'</msg>
<status status="PASS" starttime="20231121 15:13:11.464" endtime="20231121 15:13:11.495"/>
</kw>
<status status="PASS" starttime="20231121 15:13:11.464" endtime="20231121 15:13:11.495"/>
</kw>
<kw name="Click Link" library="SeleniumLibrary">
<arg>Login</arg>
<doc>Clicks a link identified by ``locator``.</doc>
<msg timestamp="20231121 15:13:11.495" level="INFO">Clicking link 'Login'.</msg>
<status status="PASS" starttime="20231121 15:13:11.495" endtime="20231121 15:13:11.545"/>
</kw>
<kw name="Login Page Should Be Open" library="resource">
<kw name="Title Should Be" library="SeleniumLibrary">
<arg>Login</arg>
<doc>Verifies that the current page title equals ``title``.</doc>
<msg timestamp="20231121 15:13:11.548" level="INFO">Page title is 'Login'.</msg>
<status status="PASS" starttime="20231121 15:13:11.546" endtime="20231121 15:13:11.548"/>
</kw>
<status status="PASS" starttime="20231121 15:13:11.546" endtime="20231121 15:13:11.548"/>
</kw>
<status status="PASS" starttime="20231121 15:13:11.464" endtime="20231121 15:13:11.549"/>
</test>
<test id="s1-s1-t2" name="Click Register Link" line="12">
<kw name="Go To Starting Page" library="resource" type="SETUP">
<kw name="Go To" library="SeleniumLibrary">
<arg>${HOME_URL}</arg>
<doc>Navigates the current browser window to the provided ``url``.</doc>
<msg timestamp="20231121 15:13:11.550" level="INFO">Opening url 'http://localhost:5001'</msg>
<status status="PASS" starttime="20231121 15:13:11.549" endtime="20231121 15:13:11.557"/>
</kw>
<status status="PASS" starttime="20231121 15:13:11.549" endtime="20231121 15:13:11.557"/>
</kw>
<kw name="Click Link" library="SeleniumLibrary">
<arg>Register</arg>
<doc>Clicks a link identified by ``locator``.</doc>
<msg timestamp="20231121 15:13:11.558" level="INFO">Clicking link 'Register'.</msg>
<status status="PASS" starttime="20231121 15:13:11.558" endtime="20231121 15:13:11.598"/>
</kw>
<kw name="Register Page Should Be Open" library="resource">
<kw name="Title Should Be" library="SeleniumLibrary">
<arg>Register</arg>
<doc>Verifies that the current page title equals ``title``.</doc>
<msg timestamp="20231121 15:13:11.601" level="INFO">Page title is 'Register'.</msg>
<status status="PASS" starttime="20231121 15:13:11.599" endtime="20231121 15:13:11.601"/>
</kw>
<status status="PASS" starttime="20231121 15:13:11.598" endtime="20231121 15:13:11.601"/>
</kw>
<status status="PASS" starttime="20231121 15:13:11.549" endtime="20231121 15:13:11.601"/>
</test>
<kw name="Close Browser" library="SeleniumLibrary" type="TEARDOWN">
<doc>Closes the current browser.</doc>
<status status="PASS" starttime="20231121 15:13:11.601" endtime="20231121 15:13:11.657"/>
</kw>
<status status="PASS" starttime="20231121 15:13:10.739" endtime="20231121 15:13:11.657"/>
</suite>
<suite id="s1-s2" name="Login" source="/home/tuomas/kurssit/ohtu/palautusrepositorio/viikko3/web-login/src/tests/login.robot">
<kw name="Open And Configure Browser" library="resource" type="SETUP">
<kw name="Evaluate" library="BuiltIn">
<var>${options}</var>
<arg>sys.modules['selenium.webdriver'].ChromeOptions()</arg>
<arg>sys</arg>
<doc>Evaluates the given expression in Python and returns the result.</doc>
<msg timestamp="20231121 15:13:11.662" level="INFO">${options} = &lt;selenium.webdriver.chrome.options.Options object at 0x7f6fd103add0&gt;</msg>
<status status="PASS" starttime="20231121 15:13:11.662" endtime="20231121 15:13:11.662"/>
</kw>
<kw name="Call Method" library="BuiltIn">
<arg>${options}</arg>
<arg>add_argument</arg>
<arg>--no-sandbox</arg>
<doc>Calls the named method of the given object with the provided arguments.</doc>
<status status="PASS" starttime="20231121 15:13:11.663" endtime="20231121 15:13:11.663"/>
</kw>
<kw name="Call Method" library="BuiltIn">
<arg>${options}</arg>
<arg>add_argument</arg>
<arg>--headless</arg>
<doc>Calls the named method of the given object with the provided arguments.</doc>
<status status="PASS" starttime="20231121 15:13:11.663" endtime="20231121 15:13:11.663"/>
</kw>
<kw name="Open Browser" library="SeleniumLibrary">
<arg>browser=chrome</arg>
<arg>options=${options}</arg>
<doc>Opens a new browser instance to the optional ``url``.</doc>
<msg timestamp="20231121 15:13:11.664" level="INFO">Opening browser 'chrome' to base url 'None'.</msg>
<status status="PASS" starttime="20231121 15:13:11.663" endtime="20231121 15:13:12.293"/>
</kw>
<kw name="Set Selenium Speed" library="SeleniumLibrary">
<arg>${DELAY}</arg>
<doc>Sets the delay that is waited after each Selenium command.</doc>
<status status="PASS" starttime="20231121 15:13:12.293" endtime="20231121 15:13:12.293"/>
</kw>
<status status="PASS" starttime="20231121 15:13:11.662" endtime="20231121 15:13:12.293"/>
</kw>
<test id="s1-s2-t1" name="Login With Correct Credentials" line="8">
<kw name="Create User And Go To Login Page" type="SETUP">
<kw name="Create User" library="AppLibrary">
<arg>kalle</arg>
<arg>kalle123</arg>
<status status="PASS" starttime="20231121 15:13:12.294" endtime="20231121 15:13:12.300"/>
</kw>
<kw name="Go To Login Page" library="resource">
<kw name="Go To" library="SeleniumLibrary">
<arg>${LOGIN_URL}</arg>
<doc>Navigates the current browser window to the provided ``url``.</doc>
<msg timestamp="20231121 15:13:12.300" level="INFO">Opening url 'http://localhost:5001/login'</msg>
<status status="PASS" starttime="20231121 15:13:12.300" endtime="20231121 15:13:12.326"/>
</kw>
<status status="PASS" starttime="20231121 15:13:12.300" endtime="20231121 15:13:12.326"/>
</kw>
<kw name="Login Page Should Be Open" library="resource">
<kw name="Title Should Be" library="SeleniumLibrary">
<arg>Login</arg>
<doc>Verifies that the current page title equals ``title``.</doc>
<msg timestamp="20231121 15:13:12.329" level="INFO">Page title is 'Login'.</msg>
<status status="PASS" starttime="20231121 15:13:12.326" endtime="20231121 15:13:12.329"/>
</kw>
<status status="PASS" starttime="20231121 15:13:12.326" endtime="20231121 15:13:12.329"/>
</kw>
<status status="PASS" starttime="20231121 15:13:12.293" endtime="20231121 15:13:12.329"/>
</kw>
<kw name="Set Username">
<arg>kalle</arg>
<kw name="Input Text" library="SeleniumLibrary">
<arg>username</arg>
<arg>${username}</arg>
<doc>Types the given ``text`` into the text field identified by ``locator``.</doc>
<msg timestamp="20231121 15:13:12.330" level="INFO">Typing text 'kalle' into text field 'username'.</msg>
<status status="PASS" starttime="20231121 15:13:12.330" endtime="20231121 15:13:12.388"/>
</kw>
<status status="PASS" starttime="20231121 15:13:12.330" endtime="20231121 15:13:12.388"/>
</kw>
<kw name="Set Password">
<arg>kalle123</arg>
<kw name="Input Password" library="SeleniumLibrary">
<arg>password</arg>
<arg>${password}</arg>
<doc>Types the given password into the text field identified by ``locator``.</doc>
<msg timestamp="20231121 15:13:12.389" level="INFO">Typing password into text field 'password'.</msg>
<msg timestamp="20231121 15:13:12.411" level="INFO">Temporally setting log level to: NONE</msg>
<msg timestamp="20231121 15:13:12.431" level="INFO">Log level changed from NONE to INFO.</msg>
<status status="PASS" starttime="20231121 15:13:12.389" endtime="20231121 15:13:12.431"/>
</kw>
<status status="PASS" starttime="20231121 15:13:12.388" endtime="20231121 15:13:12.431"/>
</kw>
<kw name="Submit Credentials">
<kw name="Click Button" library="SeleniumLibrary">
<arg>Login</arg>
<doc>Clicks the button identified by ``locator``.</doc>
<msg timestamp="20231121 15:13:12.432" level="INFO">Clicking button 'Login'.</msg>
<status status="PASS" starttime="20231121 15:13:12.431" endtime="20231121 15:13:12.473"/>
</kw>
<status status="PASS" starttime="20231121 15:13:12.431" endtime="20231121 15:13:12.474"/>
</kw>
<kw name="Login Should Succeed">
<kw name="Main Page Should Be Open" library="resource">
<kw name="Title Should Be" library="SeleniumLibrary">
<arg>Ohtu Application main page</arg>
<doc>Verifies that the current page title equals ``title``.</doc>
<msg timestamp="20231121 15:13:12.476" level="INFO">Page title is 'Ohtu Application main page'.</msg>
<status status="PASS" starttime="20231121 15:13:12.474" endtime="20231121 15:13:12.476"/>
</kw>
<status status="PASS" starttime="20231121 15:13:12.474" endtime="20231121 15:13:12.476"/>
</kw>
<status status="PASS" starttime="20231121 15:13:12.474" endtime="20231121 15:13:12.476"/>
</kw>
<status status="PASS" starttime="20231121 15:13:12.293" endtime="20231121 15:13:12.476"/>
</test>
<test id="s1-s2-t2" name="Login With Incorrect Password" line="14">
<kw name="Create User And Go To Login Page" type="SETUP">
<kw name="Create User" library="AppLibrary">
<arg>kalle</arg>
<arg>kalle123</arg>
<status status="PASS" starttime="20231121 15:13:12.477" endtime="20231121 15:13:12.482"/>
</kw>
<kw name="Go To Login Page" library="resource">
<kw name="Go To" library="SeleniumLibrary">
<arg>${LOGIN_URL}</arg>
<doc>Navigates the current browser window to the provided ``url``.</doc>
<msg timestamp="20231121 15:13:12.482" level="INFO">Opening url 'http://localhost:5001/login'</msg>
<status status="PASS" starttime="20231121 15:13:12.482" endtime="20231121 15:13:12.490"/>
</kw>
<status status="PASS" starttime="20231121 15:13:12.482" endtime="20231121 15:13:12.490"/>
</kw>
<kw name="Login Page Should Be Open" library="resource">
<kw name="Title Should Be" library="SeleniumLibrary">
<arg>Login</arg>
<doc>Verifies that the current page title equals ``title``.</doc>
<msg timestamp="20231121 15:13:12.492" level="INFO">Page title is 'Login'.</msg>
<status status="PASS" starttime="20231121 15:13:12.490" endtime="20231121 15:13:12.493"/>
</kw>
<status status="PASS" starttime="20231121 15:13:12.490" endtime="20231121 15:13:12.493"/>
</kw>
<status status="PASS" starttime="20231121 15:13:12.476" endtime="20231121 15:13:12.493"/>
</kw>
<kw name="Set Username">
<arg>kalle</arg>
<kw name="Input Text" library="SeleniumLibrary">
<arg>username</arg>
<arg>${username}</arg>
<doc>Types the given ``text`` into the text field identified by ``locator``.</doc>
<msg timestamp="20231121 15:13:12.493" level="INFO">Typing text 'kalle' into text field 'username'.</msg>
<status status="PASS" starttime="20231121 15:13:12.493" endtime="20231121 15:13:12.533"/>
</kw>
<status status="PASS" starttime="20231121 15:13:12.493" endtime="20231121 15:13:12.533"/>
</kw>
<kw name="Set Password">
<arg>kalle456</arg>
<kw name="Input Password" library="SeleniumLibrary">
<arg>password</arg>
<arg>${password}</arg>
<doc>Types the given password into the text field identified by ``locator``.</doc>
<msg timestamp="20231121 15:13:12.534" level="INFO">Typing password into text field 'password'.</msg>
<msg timestamp="20231121 15:13:12.551" level="INFO">Temporally setting log level to: NONE</msg>
<msg timestamp="20231121 15:13:12.573" level="INFO">Log level changed from NONE to INFO.</msg>
<status status="PASS" starttime="20231121 15:13:12.533" endtime="20231121 15:13:12.573"/>
</kw>
<status status="PASS" starttime="20231121 15:13:12.533" endtime="20231121 15:13:12.573"/>
</kw>
<kw name="Submit Credentials">
<kw name="Click Button" library="SeleniumLibrary">
<arg>Login</arg>
<doc>Clicks the button identified by ``locator``.</doc>
<msg timestamp="20231121 15:13:12.573" level="INFO">Clicking button 'Login'.</msg>
<status status="PASS" starttime="20231121 15:13:12.573" endtime="20231121 15:13:12.607"/>
</kw>
<status status="PASS" starttime="20231121 15:13:12.573" endtime="20231121 15:13:12.607"/>
</kw>
<kw name="Login Should Fail With Message">
<arg>Invalid username or password</arg>
<kw name="Login Page Should Be Open" library="resource">
<kw name="Title Should Be" library="SeleniumLibrary">
<arg>Login</arg>
<doc>Verifies that the current page title equals ``title``.</doc>
<msg timestamp="20231121 15:13:12.610" level="INFO">Page title is 'Login'.</msg>
<status status="PASS" starttime="20231121 15:13:12.608" endtime="20231121 15:13:12.610"/>
</kw>
<status status="PASS" starttime="20231121 15:13:12.607" endtime="20231121 15:13:12.610"/>
</kw>
<kw name="Page Should Contain" library="SeleniumLibrary">
<arg>${message}</arg>
<doc>Verifies that current page contains ``text``.</doc>
<msg timestamp="20231121 15:13:12.618" level="INFO">Current page contains text 'Invalid username or password'.</msg>
<status status="PASS" starttime="20231121 15:13:12.610" endtime="20231121 15:13:12.618"/>
</kw>
<status status="PASS" starttime="20231121 15:13:12.607" endtime="20231121 15:13:12.618"/>
</kw>
<status status="PASS" starttime="20231121 15:13:12.476" endtime="20231121 15:13:12.618"/>
</test>
<test id="s1-s2-t3" name="Login With Nonexistent Username" line="20">
<kw name="Create User And Go To Login Page" type="SETUP">
<kw name="Create User" library="AppLibrary">
<arg>kalle</arg>
<arg>kalle123</arg>
<status status="PASS" starttime="20231121 15:13:12.619" endtime="20231121 15:13:12.625"/>
</kw>
<kw name="Go To Login Page" library="resource">
<kw name="Go To" library="SeleniumLibrary">
<arg>${LOGIN_URL}</arg>
<doc>Navigates the current browser window to the provided ``url``.</doc>
<msg timestamp="20231121 15:13:12.626" level="INFO">Opening url 'http://localhost:5001/login'</msg>
<status status="PASS" starttime="20231121 15:13:12.626" endtime="20231121 15:13:12.635"/>
</kw>
<status status="PASS" starttime="20231121 15:13:12.625" endtime="20231121 15:13:12.635"/>
</kw>
<kw name="Login Page Should Be Open" library="resource">
<kw name="Title Should Be" library="SeleniumLibrary">
<arg>Login</arg>
<doc>Verifies that the current page title equals ``title``.</doc>
<msg timestamp="20231121 15:13:12.638" level="INFO">Page title is 'Login'.</msg>
<status status="PASS" starttime="20231121 15:13:12.635" endtime="20231121 15:13:12.638"/>
</kw>
<status status="PASS" starttime="20231121 15:13:12.635" endtime="20231121 15:13:12.638"/>
</kw>
<status status="PASS" starttime="20231121 15:13:12.618" endtime="20231121 15:13:12.638"/>
</kw>
<kw name="Set Username">
<arg>kalle2</arg>
<kw name="Input Text" library="SeleniumLibrary">
<arg>username</arg>
<arg>${username}</arg>
<doc>Types the given ``text`` into the text field identified by ``locator``.</doc>
<msg timestamp="20231121 15:13:12.639" level="INFO">Typing text 'kalle2' into text field 'username'.</msg>
<status status="PASS" starttime="20231121 15:13:12.638" endtime="20231121 15:13:12.680"/>
</kw>
<status status="PASS" starttime="20231121 15:13:12.638" endtime="20231121 15:13:12.680"/>
</kw>
<kw name="Set Password">
<arg>kalle123</arg>
<kw name="Input Password" library="SeleniumLibrary">
<arg>password</arg>
<arg>${password}</arg>
<doc>Types the given password into the text field identified by ``locator``.</doc>
<msg timestamp="20231121 15:13:12.680" level="INFO">Typing password into text field 'password'.</msg>
<msg timestamp="20231121 15:13:12.696" level="INFO">Temporally setting log level to: NONE</msg>
<msg timestamp="20231121 15:13:12.717" level="INFO">Log level changed from NONE to INFO.</msg>
<status status="PASS" starttime="20231121 15:13:12.680" endtime="20231121 15:13:12.717"/>
</kw>
<status status="PASS" starttime="20231121 15:13:12.680" endtime="20231121 15:13:12.717"/>
</kw>
<kw name="Submit Credentials">
<kw name="Click Button" library="SeleniumLibrary">
<arg>Login</arg>
<doc>Clicks the button identified by ``locator``.</doc>
<msg timestamp="20231121 15:13:12.717" level="INFO">Clicking button 'Login'.</msg>
<status status="PASS" starttime="20231121 15:13:12.717" endtime="20231121 15:13:12.750"/>
</kw>
<status status="PASS" starttime="20231121 15:13:12.717" endtime="20231121 15:13:12.750"/>
</kw>
<kw name="Login Should Fail With Message">
<arg>Invalid username or password</arg>
<kw name="Login Page Should Be Open" library="resource">
<kw name="Title Should Be" library="SeleniumLibrary">
<arg>Login</arg>
<doc>Verifies that the current page title equals ``title``.</doc>
<msg timestamp="20231121 15:13:12.753" level="INFO">Page title is 'Login'.</msg>
<status status="PASS" starttime="20231121 15:13:12.751" endtime="20231121 15:13:12.754"/>
</kw>
<status status="PASS" starttime="20231121 15:13:12.751" endtime="20231121 15:13:12.754"/>
</kw>
<kw name="Page Should Contain" library="SeleniumLibrary">
<arg>${message}</arg>
<doc>Verifies that current page contains ``text``.</doc>
<msg timestamp="20231121 15:13:12.760" level="INFO">Current page contains text 'Invalid username or password'.</msg>
<status status="PASS" starttime="20231121 15:13:12.754" endtime="20231121 15:13:12.760"/>
</kw>
<status status="PASS" starttime="20231121 15:13:12.750" endtime="20231121 15:13:12.760"/>
</kw>
<status status="PASS" starttime="20231121 15:13:12.618" endtime="20231121 15:13:12.760"/>
</test>
<kw name="Close Browser" library="SeleniumLibrary" type="TEARDOWN">
<doc>Closes the current browser.</doc>
<status status="PASS" starttime="20231121 15:13:12.760" endtime="20231121 15:13:12.815"/>
</kw>
<status status="PASS" starttime="20231121 15:13:11.658" endtime="20231121 15:13:12.815"/>
</suite>
<suite id="s1-s3" name="Register" source="/home/tuomas/kurssit/ohtu/palautusrepositorio/viikko3/web-login/src/tests/register.robot">
<kw name="Open And Configure Browser" library="resource" type="SETUP">
<kw name="Evaluate" library="BuiltIn">
<var>${options}</var>
<arg>sys.modules['selenium.webdriver'].ChromeOptions()</arg>
<arg>sys</arg>
<doc>Evaluates the given expression in Python and returns the result.</doc>
<msg timestamp="20231121 15:13:12.819" level="INFO">${options} = &lt;selenium.webdriver.chrome.options.Options object at 0x7f6fd0d43df0&gt;</msg>
<status status="PASS" starttime="20231121 15:13:12.819" endtime="20231121 15:13:12.819"/>
</kw>
<kw name="Call Method" library="BuiltIn">
<arg>${options}</arg>
<arg>add_argument</arg>
<arg>--no-sandbox</arg>
<doc>Calls the named method of the given object with the provided arguments.</doc>
<status status="PASS" starttime="20231121 15:13:12.819" endtime="20231121 15:13:12.819"/>
</kw>
<kw name="Call Method" library="BuiltIn">
<arg>${options}</arg>
<arg>add_argument</arg>
<arg>--headless</arg>
<doc>Calls the named method of the given object with the provided arguments.</doc>
<status status="PASS" starttime="20231121 15:13:12.819" endtime="20231121 15:13:12.819"/>
</kw>
<kw name="Open Browser" library="SeleniumLibrary">
<arg>browser=chrome</arg>
<arg>options=${options}</arg>
<doc>Opens a new browser instance to the optional ``url``.</doc>
<msg timestamp="20231121 15:13:12.820" level="INFO">Opening browser 'chrome' to base url 'None'.</msg>
<status status="PASS" starttime="20231121 15:13:12.819" endtime="20231121 15:13:13.449"/>
</kw>
<kw name="Set Selenium Speed" library="SeleniumLibrary">
<arg>${DELAY}</arg>
<doc>Sets the delay that is waited after each Selenium command.</doc>
<status status="PASS" starttime="20231121 15:13:13.449" endtime="20231121 15:13:13.450"/>
</kw>
<status status="PASS" starttime="20231121 15:13:12.818" endtime="20231121 15:13:13.450"/>
</kw>
<test id="s1-s3-t1" name="Register With Valid Username And Password" line="15">
<kw name="Go To Register Page1" type="SETUP">
<kw name="Go To Register Page" library="resource">
<kw name="Go To" library="SeleniumLibrary">
<arg>${REGISTER_URL}</arg>
<doc>Navigates the current browser window to the provided ``url``.</doc>
<msg timestamp="20231121 15:13:13.451" level="INFO">Opening url 'http://localhost:5001/register'</msg>
<status status="PASS" starttime="20231121 15:13:13.450" endtime="20231121 15:13:13.476"/>
</kw>
<status status="PASS" starttime="20231121 15:13:13.450" endtime="20231121 15:13:13.476"/>
</kw>
<status status="PASS" starttime="20231121 15:13:13.450" endtime="20231121 15:13:13.476"/>
</kw>
<kw name="Set Username">
<arg>${VALID_USERNAME}</arg>
<kw name="Input Text" library="SeleniumLibrary">
<arg>username</arg>
<arg>${username}</arg>
<doc>Types the given ``text`` into the text field identified by ``locator``.</doc>
<msg timestamp="20231121 15:13:13.477" level="INFO">Typing text 'testuser' into text field 'username'.</msg>
<status status="PASS" starttime="20231121 15:13:13.477" endtime="20231121 15:13:13.532"/>
</kw>
<status status="PASS" starttime="20231121 15:13:13.477" endtime="20231121 15:13:13.532"/>
</kw>
<kw name="Set Password">
<arg>${VALID_PASSWORD}</arg>
<kw name="Input Password" library="SeleniumLibrary">
<arg>password</arg>
<arg>${password}</arg>
<doc>Types the given password into the text field identified by ``locator``.</doc>
<msg timestamp="20231121 15:13:13.533" level="INFO">Typing password into text field 'password'.</msg>
<msg timestamp="20231121 15:13:13.553" level="INFO">Temporally setting log level to: NONE</msg>
<msg timestamp="20231121 15:13:13.574" level="INFO">Log level changed from NONE to INFO.</msg>
<status status="PASS" starttime="20231121 15:13:13.533" endtime="20231121 15:13:13.574"/>
</kw>
<status status="PASS" starttime="20231121 15:13:13.533" endtime="20231121 15:13:13.574"/>
</kw>
<kw name="Set Password Confirmation">
<arg>${VALID_PASSWORD}</arg>
<kw name="Input Password" library="SeleniumLibrary">
<arg>password_confirmation</arg>
<arg>${password}</arg>
<doc>Types the given password into the text field identified by ``locator``.</doc>
<msg timestamp="20231121 15:13:13.575" level="INFO">Typing password into text field 'password_confirmation'.</msg>
<msg timestamp="20231121 15:13:13.596" level="INFO">Temporally setting log level to: NONE</msg>
<msg timestamp="20231121 15:13:13.615" level="INFO">Log level changed from NONE to INFO.</msg>
<status status="PASS" starttime="20231121 15:13:13.575" endtime="20231121 15:13:13.615"/>
</kw>
<status status="PASS" starttime="20231121 15:13:13.575" endtime="20231121 15:13:13.615"/>
</kw>
<kw name="Submit Registration">
<kw name="Click Button" library="SeleniumLibrary">
<arg>Register</arg>
<doc>Clicks the button identified by ``locator``.</doc>
<msg timestamp="20231121 15:13:13.616" level="INFO">Clicking button 'Register'.</msg>
<status status="PASS" starttime="20231121 15:13:13.616" endtime="20231121 15:13:13.657"/>
</kw>
<status status="PASS" starttime="20231121 15:13:13.616" endtime="20231121 15:13:13.657"/>
</kw>
<kw name="Registration Should Be Successful">
<arg>Welcome to Ohtu Application!</arg>
<kw name="Page Should Contain" library="SeleniumLibrary">
<arg>${message}</arg>
<doc>Verifies that current page contains ``text``.</doc>
<msg timestamp="20231121 15:13:13.665" level="INFO">Current page contains text 'Welcome to Ohtu Application!'.</msg>
<status status="PASS" starttime="20231121 15:13:13.657" endtime="20231121 15:13:13.666"/>
</kw>
<status status="PASS" starttime="20231121 15:13:13.657" endtime="20231121 15:13:13.666"/>
</kw>
<status status="PASS" starttime="20231121 15:13:13.450" endtime="20231121 15:13:13.666"/>
</test>
<test id="s1-s3-t2" name="Register With Too Short Username And Valid Password" line="22">
<kw name="Go To Register Page1" type="SETUP">
<kw name="Go To Register Page" library="resource">
<kw name="Go To" library="SeleniumLibrary">
<arg>${REGISTER_URL}</arg>
<doc>Navigates the current browser window to the provided ``url``.</doc>
<msg timestamp="20231121 15:13:13.667" level="INFO">Opening url 'http://localhost:5001/register'</msg>
<status status="PASS" starttime="20231121 15:13:13.666" endtime="20231121 15:13:13.674"/>
</kw>
<status status="PASS" starttime="20231121 15:13:13.666" endtime="20231121 15:13:13.674"/>
</kw>
<status status="PASS" starttime="20231121 15:13:13.666" endtime="20231121 15:13:13.674"/>
</kw>
<kw name="Set Username">
<arg>${TOO_SHORT_USERNAME}</arg>
<kw name="Input Text" library="SeleniumLibrary">
<arg>username</arg>
<arg>${username}</arg>
<doc>Types the given ``text`` into the text field identified by ``locator``.</doc>
<msg timestamp="20231121 15:13:13.675" level="INFO">Typing text 'te' into text field 'username'.</msg>
<status status="PASS" starttime="20231121 15:13:13.675" endtime="20231121 15:13:13.714"/>
</kw>
<status status="PASS" starttime="20231121 15:13:13.674" endtime="20231121 15:13:13.714"/>
</kw>
<kw name="Set Password">
<arg>${VALID_PASSWORD}</arg>
<kw name="Input Password" library="SeleniumLibrary">
<arg>password</arg>
<arg>${password}</arg>
<doc>Types the given password into the text field identified by ``locator``.</doc>
<msg timestamp="20231121 15:13:13.715" level="INFO">Typing password into text field 'password'.</msg>
<msg timestamp="20231121 15:13:13.734" level="INFO">Temporally setting log level to: NONE</msg>
<msg timestamp="20231121 15:13:13.756" level="INFO">Log level changed from NONE to INFO.</msg>
<status status="PASS" starttime="20231121 15:13:13.714" endtime="20231121 15:13:13.756"/>
</kw>
<status status="PASS" starttime="20231121 15:13:13.714" endtime="20231121 15:13:13.756"/>
</kw>
<kw name="Set Password Confirmation">
<arg>${VALID_PASSWORD}</arg>
<kw name="Input Password" library="SeleniumLibrary">
<arg>password_confirmation</arg>
<arg>${password}</arg>
<doc>Types the given password into the text field identified by ``locator``.</doc>
<msg timestamp="20231121 15:13:13.757" level="INFO">Typing password into text field 'password_confirmation'.</msg>
<msg timestamp="20231121 15:13:13.775" level="INFO">Temporally setting log level to: NONE</msg>
<msg timestamp="20231121 15:13:13.794" level="INFO">Log level changed from NONE to INFO.</msg>
<status status="PASS" starttime="20231121 15:13:13.756" endtime="20231121 15:13:13.794"/>
</kw>
<status status="PASS" starttime="20231121 15:13:13.756" endtime="20231121 15:13:13.794"/>
</kw>
<kw name="Submit Registration">
<kw name="Click Button" library="SeleniumLibrary">
<arg>Register</arg>
<doc>Clicks the button identified by ``locator``.</doc>
<msg timestamp="20231121 15:13:13.795" level="INFO">Clicking button 'Register'.</msg>
<status status="PASS" starttime="20231121 15:13:13.795" endtime="20231121 15:13:13.827"/>
</kw>
<status status="PASS" starttime="20231121 15:13:13.794" endtime="20231121 15:13:13.827"/>
</kw>
<kw name="Registration Should Fail">
<arg>Username must be at least 3 characters long</arg>
<kw name="Page Should Contain" library="SeleniumLibrary">
<arg>${message}</arg>
<doc>Verifies that current page contains ``text``.</doc>
<msg timestamp="20231121 15:13:13.847" level="INFO">Current page contains text 'Username must be at least 3 characters long'.</msg>
<status status="PASS" starttime="20231121 15:13:13.828" endtime="20231121 15:13:13.847"/>
</kw>
<status status="PASS" starttime="20231121 15:13:13.827" endtime="20231121 15:13:13.847"/>
</kw>
<status status="PASS" starttime="20231121 15:13:13.666" endtime="20231121 15:13:13.848"/>
</test>
<test id="s1-s3-t3" name="Register With Valid Username And Invalid Password" line="29">
<kw name="Go To Register Page1" type="SETUP">
<kw name="Go To Register Page" library="resource">
<kw name="Go To" library="SeleniumLibrary">
<arg>${REGISTER_URL}</arg>
<doc>Navigates the current browser window to the provided ``url``.</doc>
<msg timestamp="20231121 15:13:13.849" level="INFO">Opening url 'http://localhost:5001/register'</msg>
<status status="PASS" starttime="20231121 15:13:13.848" endtime="20231121 15:13:13.857"/>
</kw>
<status status="PASS" starttime="20231121 15:13:13.848" endtime="20231121 15:13:13.857"/>
</kw>
<status status="PASS" starttime="20231121 15:13:13.848" endtime="20231121 15:13:13.857"/>
</kw>
<kw name="Set Username">
<arg>${VALID_USERNAME}</arg>
<kw name="Input Text" library="SeleniumLibrary">
<arg>username</arg>
<arg>${username}</arg>
<doc>Types the given ``text`` into the text field identified by ``locator``.</doc>
<msg timestamp="20231121 15:13:13.857" level="INFO">Typing text 'testuser' into text field 'username'.</msg>
<status status="PASS" starttime="20231121 15:13:13.857" endtime="20231121 15:13:13.914"/>
</kw>
<status status="PASS" starttime="20231121 15:13:13.857" endtime="20231121 15:13:13.915"/>
</kw>
<kw name="Set Password">
<arg>${INVALID_PASSWORD}</arg>
<kw name="Input Password" library="SeleniumLibrary">
<arg>password</arg>
<arg>${password}</arg>
<doc>Types the given password into the text field identified by ``locator``.</doc>
<msg timestamp="20231121 15:13:13.915" level="INFO">Typing password into text field 'password'.</msg>
<msg timestamp="20231121 15:13:13.934" level="INFO">Temporally setting log level to: NONE</msg>
<msg timestamp="20231121 15:13:13.953" level="INFO">Log level changed from NONE to INFO.</msg>
<status status="PASS" starttime="20231121 15:13:13.915" endtime="20231121 15:13:13.953"/>
</kw>
<status status="PASS" starttime="20231121 15:13:13.915" endtime="20231121 15:13:13.953"/>
</kw>
<kw name="Set Password Confirmation">
<arg>${INVALID_PASSWORD}</arg>
<kw name="Input Password" library="SeleniumLibrary">
<arg>password_confirmation</arg>
<arg>${password}</arg>
<doc>Types the given password into the text field identified by ``locator``.</doc>
<msg timestamp="20231121 15:13:13.954" level="INFO">Typing password into text field 'password_confirmation'.</msg>
<msg timestamp="20231121 15:13:13.972" level="INFO">Temporally setting log level to: NONE</msg>
<msg timestamp="20231121 15:13:13.991" level="INFO">Log level changed from NONE to INFO.</msg>
<status status="PASS" starttime="20231121 15:13:13.954" endtime="20231121 15:13:13.991"/>
</kw>
<status status="PASS" starttime="20231121 15:13:13.953" endtime="20231121 15:13:13.991"/>
</kw>
<kw name="Submit Registration">
<kw name="Click Button" library="SeleniumLibrary">
<arg>Register</arg>
<doc>Clicks the button identified by ``locator``.</doc>
<msg timestamp="20231121 15:13:13.992" level="INFO">Clicking button 'Register'.</msg>
<status status="PASS" starttime="20231121 15:13:13.991" endtime="20231121 15:13:14.025"/>
</kw>
<status status="PASS" starttime="20231121 15:13:13.991" endtime="20231121 15:13:14.025"/>
</kw>
<kw name="Registration Should Fail">
<arg>Password must be at least 8 characters long</arg>
<kw name="Page Should Contain" library="SeleniumLibrary">
<arg>${message}</arg>
<doc>Verifies that current page contains ``text``.</doc>
<msg timestamp="20231121 15:13:14.034" level="INFO">Current page contains text 'Password must be at least 8 characters long'.</msg>
<status status="PASS" starttime="20231121 15:13:14.026" endtime="20231121 15:13:14.034"/>
</kw>
<status status="PASS" starttime="20231121 15:13:14.026" endtime="20231121 15:13:14.034"/>
</kw>
<status status="PASS" starttime="20231121 15:13:13.848" endtime="20231121 15:13:14.034"/>
</test>
<test id="s1-s3-t4" name="Register With Nonmatching Password And Password Confirmation" line="36">
<kw name="Go To Register Page1" type="SETUP">
<kw name="Go To Register Page" library="resource">
<kw name="Go To" library="SeleniumLibrary">
<arg>${REGISTER_URL}</arg>
<doc>Navigates the current browser window to the provided ``url``.</doc>
<msg timestamp="20231121 15:13:14.035" level="INFO">Opening url 'http://localhost:5001/register'</msg>
<status status="PASS" starttime="20231121 15:13:14.035" endtime="20231121 15:13:14.043"/>
</kw>
<status status="PASS" starttime="20231121 15:13:14.035" endtime="20231121 15:13:14.043"/>
</kw>
<status status="PASS" starttime="20231121 15:13:14.035" endtime="20231121 15:13:14.043"/>
</kw>
<kw name="Set Username">
<arg>${VALID_USERNAME}</arg>
<kw name="Input Text" library="SeleniumLibrary">
<arg>username</arg>
<arg>${username}</arg>
<doc>Types the given ``text`` into the text field identified by ``locator``.</doc>
<msg timestamp="20231121 15:13:14.045" level="INFO">Typing text 'testuser' into text field 'username'.</msg>
<status status="PASS" starttime="20231121 15:13:14.044" endtime="20231121 15:13:14.087"/>
</kw>
<status status="PASS" starttime="20231121 15:13:14.043" endtime="20231121 15:13:14.087"/>
</kw>
<kw name="Set Password">
<arg>${VALID_PASSWORD}</arg>
<kw name="Input Password" library="SeleniumLibrary">
<arg>password</arg>
<arg>${password}</arg>
<doc>Types the given password into the text field identified by ``locator``.</doc>
<msg timestamp="20231121 15:13:14.088" level="INFO">Typing password into text field 'password'.</msg>
<msg timestamp="20231121 15:13:14.105" level="INFO">Temporally setting log level to: NONE</msg>
<msg timestamp="20231121 15:13:14.127" level="INFO">Log level changed from NONE to INFO.</msg>
<status status="PASS" starttime="20231121 15:13:14.088" endtime="20231121 15:13:14.127"/>
</kw>
<status status="PASS" starttime="20231121 15:13:14.087" endtime="20231121 15:13:14.127"/>
</kw>
<kw name="Set Password Confirmation">
<arg>${INVALID_PASSWORD}</arg>
<kw name="Input Password" library="SeleniumLibrary">
<arg>password_confirmation</arg>
<arg>${password}</arg>
<doc>Types the given password into the text field identified by ``locator``.</doc>
<msg timestamp="20231121 15:13:14.128" level="INFO">Typing password into text field 'password_confirmation'.</msg>
<msg timestamp="20231121 15:13:14.145" level="INFO">Temporally setting log level to: NONE</msg>
<msg timestamp="20231121 15:13:14.166" level="INFO">Log level changed from NONE to INFO.</msg>
<status status="PASS" starttime="20231121 15:13:14.128" endtime="20231121 15:13:14.167"/>
</kw>
<status status="PASS" starttime="20231121 15:13:14.127" endtime="20231121 15:13:14.167"/>
</kw>
<kw name="Submit Registration">
<kw name="Click Button" library="SeleniumLibrary">
<arg>Register</arg>
<doc>Clicks the button identified by ``locator``.</doc>
<msg timestamp="20231121 15:13:14.167" level="INFO">Clicking button 'Register'.</msg>
<status status="PASS" starttime="20231121 15:13:14.167" endtime="20231121 15:13:14.200"/>
</kw>
<status status="PASS" starttime="20231121 15:13:14.167" endtime="20231121 15:13:14.200"/>
</kw>
<kw name="Registration Should Fail">
<arg>Password and password confirmation do not match</arg>
<kw name="Page Should Contain" library="SeleniumLibrary">
<arg>${message}</arg>
<doc>Verifies that current page contains ``text``.</doc>
<msg timestamp="20231121 15:13:14.209" level="INFO">Current page contains text 'Password and password confirmation do not match'.</msg>
<status status="PASS" starttime="20231121 15:13:14.201" endtime="20231121 15:13:14.209"/>
</kw>
<status status="PASS" starttime="20231121 15:13:14.200" endtime="20231121 15:13:14.209"/>
</kw>
<status status="PASS" starttime="20231121 15:13:14.034" endtime="20231121 15:13:14.209"/>
</test>
<kw name="Close Browser" library="SeleniumLibrary" type="TEARDOWN">
<doc>Closes the current browser.</doc>
<status status="PASS" starttime="20231121 15:13:14.210" endtime="20231121 15:13:14.265"/>
</kw>
<status status="PASS" starttime="20231121 15:13:12.816" endtime="20231121 15:13:14.265"/>
</suite>
<status status="PASS" starttime="20231121 15:13:10.729" endtime="20231121 15:13:14.266"/>
</suite>
<statistics>
<total>
<stat pass="9" fail="0" skip="0">All Tests</stat>
</total>
<tag>
</tag>
<suite>
<stat pass="9" fail="0" skip="0" id="s1" name="Tests">Tests</stat>
<stat pass="2" fail="0" skip="0" id="s1-s1" name="Home">Tests.Home</stat>
<stat pass="3" fail="0" skip="0" id="s1-s2" name="Login">Tests.Login</stat>
<stat pass="4" fail="0" skip="0" id="s1-s3" name="Register">Tests.Register</stat>
</suite>
</statistics>
<errors>
</errors>
</robot>
