<?xml version="1.0" encoding="UTF-8"?>
<robot generator="Robot 6.1.1 (Python 3.10.12 on linux)" generated="20231114 15:21:38.209" rpa="false" schemaversion="4">
<suite id="s1" name="Tests" source="/home/tuomas/kurssit/ohtu/palautusrepositorio/viikko3/login-robot/src/tests">
<suite id="s1-s1" name="Login" source="/home/tuomas/kurssit/ohtu/palautusrepositorio/viikko3/login-robot/src/tests/login.robot">
<test id="s1-s1-t1" name="Login With Correct Credentials" line="6">
<kw name="Create User And Input Login Command" type="SETUP">
<kw name="Create User" library="AppLibrary">
<arg>kalle</arg>
<arg>kalle123#</arg>
<status status="PASS" starttime="20231114 15:21:38.224" endtime="20231114 15:21:38.224"/>
</kw>
<kw name="Input Login Command" library="resource">
<kw name="Input" library="AppLibrary">
<arg>login</arg>
<status status="PASS" starttime="20231114 15:21:38.224" endtime="20231114 15:21:38.224"/>
</kw>
<status status="PASS" starttime="20231114 15:21:38.224" endtime="20231114 15:21:38.224"/>
</kw>
<status status="PASS" starttime="20231114 15:21:38.223" endtime="20231114 15:21:38.224"/>
</kw>
<kw name="Input Credentials" library="resource">
<arg>kalle</arg>
<arg>kalle123#</arg>
<kw name="Input" library="AppLibrary">
<arg>${username}</arg>
<status status="PASS" starttime="20231114 15:21:38.225" endtime="20231114 15:21:38.225"/>
</kw>
<kw name="Input" library="AppLibrary">
<arg>${password}</arg>
<status status="PASS" starttime="20231114 15:21:38.225" endtime="20231114 15:21:38.225"/>
</kw>
<kw name="Run Application" library="AppLibrary">
<status status="PASS" starttime="20231114 15:21:38.225" endtime="20231114 15:21:38.225"/>
</kw>
<status status="PASS" starttime="20231114 15:21:38.224" endtime="20231114 15:21:38.225"/>
</kw>
<kw name="Output Should Contain" library="AppLibrary">
<arg>Logged in</arg>
<status status="PASS" starttime="20231114 15:21:38.225" endtime="20231114 15:21:38.225"/>
</kw>
<status status="PASS" starttime="20231114 15:21:38.223" endtime="20231114 15:21:38.225"/>
</test>
<test id="s1-s1-t2" name="Login With Incorrect Credentials" line="10">
<kw name="Create User And Input Login Command" type="SETUP">
<kw name="Create User" library="AppLibrary">
<arg>kalle</arg>
<arg>kalle123#</arg>
<status status="PASS" starttime="20231114 15:21:38.226" endtime="20231114 15:21:38.226"/>
</kw>
<kw name="Input Login Command" library="resource">
<kw name="Input" library="AppLibrary">
<arg>login</arg>
<status status="PASS" starttime="20231114 15:21:38.226" endtime="20231114 15:21:38.226"/>
</kw>
<status status="PASS" starttime="20231114 15:21:38.226" endtime="20231114 15:21:38.226"/>
</kw>
<status status="PASS" starttime="20231114 15:21:38.226" endtime="20231114 15:21:38.226"/>
</kw>
<kw name="Input Credentials" library="resource">
<arg>kalle</arg>
<arg>kissa1232131#</arg>
<kw name="Input" library="AppLibrary">
<arg>${username}</arg>
<status status="PASS" starttime="20231114 15:21:38.226" endtime="20231114 15:21:38.227"/>
</kw>
<kw name="Input" library="AppLibrary">
<arg>${password}</arg>
<status status="PASS" starttime="20231114 15:21:38.227" endtime="20231114 15:21:38.227"/>
</kw>
<kw name="Run Application" library="AppLibrary">
<status status="PASS" starttime="20231114 15:21:38.227" endtime="20231114 15:21:38.227"/>
</kw>
<status status="PASS" starttime="20231114 15:21:38.226" endtime="20231114 15:21:38.227"/>
</kw>
<kw name="Output Should Contain" library="AppLibrary">
<arg>Invalid username or password</arg>
<status status="PASS" starttime="20231114 15:21:38.227" endtime="20231114 15:21:38.227"/>
</kw>
<status status="PASS" starttime="20231114 15:21:38.225" endtime="20231114 15:21:38.227"/>
</test>
<test id="s1-s1-t3" name="Login With Nonexistent Username" line="14">
<kw name="Create User And Input Login Command" type="SETUP">
<kw name="Create User" library="AppLibrary">
<arg>kalle</arg>
<arg>kalle123#</arg>
<status status="PASS" starttime="20231114 15:21:38.228" endtime="20231114 15:21:38.228"/>
</kw>
<kw name="Input Login Command" library="resource">
<kw name="Input" library="AppLibrary">
<arg>login</arg>
<status status="PASS" starttime="20231114 15:21:38.228" endtime="20231114 15:21:38.228"/>
</kw>
<status status="PASS" starttime="20231114 15:21:38.228" endtime="20231114 15:21:38.228"/>
</kw>
<status status="PASS" starttime="20231114 15:21:38.227" endtime="20231114 15:21:38.228"/>
</kw>
<kw name="Input Credentials" library="resource">
<arg>kissa</arg>
<arg>kalle123#</arg>
<kw name="Input" library="AppLibrary">
<arg>${username}</arg>
<status status="PASS" starttime="20231114 15:21:38.228" endtime="20231114 15:21:38.228"/>
</kw>
<kw name="Input" library="AppLibrary">
<arg>${password}</arg>
<status status="PASS" starttime="20231114 15:21:38.228" endtime="20231114 15:21:38.228"/>
</kw>
<kw name="Run Application" library="AppLibrary">
<status status="PASS" starttime="20231114 15:21:38.228" endtime="20231114 15:21:38.228"/>
</kw>
<status status="PASS" starttime="20231114 15:21:38.228" endtime="20231114 15:21:38.228"/>
</kw>
<kw name="Output Should Contain" library="AppLibrary">
<arg>Invalid username or password</arg>
<status status="PASS" starttime="20231114 15:21:38.229" endtime="20231114 15:21:38.229"/>
</kw>
<status status="PASS" starttime="20231114 15:21:38.227" endtime="20231114 15:21:38.229"/>
</test>
<status status="PASS" starttime="20231114 15:21:38.220" endtime="20231114 15:21:38.229"/>
</suite>
<suite id="s1-s2" name="Register" source="/home/tuomas/kurssit/ohtu/palautusrepositorio/viikko3/login-robot/src/tests/register.robot">
<test id="s1-s2-t1" name="Register With Valid Username And Password" line="6">
<kw name="Input New Command And Create User" type="SETUP">
<kw name="Create User" library="AppLibrary">
<arg>kalle</arg>
<arg>kalle123#</arg>
<status status="PASS" starttime="20231114 15:21:38.231" endtime="20231114 15:21:38.231"/>
</kw>
<kw name="Input New Command" library="resource">
<kw name="Input" library="AppLibrary">
<arg>new</arg>
<status status="PASS" starttime="20231114 15:21:38.232" endtime="20231114 15:21:38.232"/>
</kw>
<status status="PASS" starttime="20231114 15:21:38.231" endtime="20231114 15:21:38.232"/>
</kw>
<status status="PASS" starttime="20231114 15:21:38.231" endtime="20231114 15:21:38.232"/>
</kw>
<kw name="Input Credentials" library="resource">
<arg>seppo</arg>
<arg>seppo123#</arg>
<kw name="Input" library="AppLibrary">
<arg>${username}</arg>
<status status="PASS" starttime="20231114 15:21:38.232" endtime="20231114 15:21:38.232"/>
</kw>
<kw name="Input" library="AppLibrary">
<arg>${password}</arg>
<status status="PASS" starttime="20231114 15:21:38.232" endtime="20231114 15:21:38.232"/>
</kw>
<kw name="Run Application" library="AppLibrary">
<status status="PASS" starttime="20231114 15:21:38.232" endtime="20231114 15:21:38.232"/>
</kw>
<status status="PASS" starttime="20231114 15:21:38.232" endtime="20231114 15:21:38.232"/>
</kw>
<kw name="Output Should Contain" library="AppLibrary">
<arg>New user registered</arg>
<status status="PASS" starttime="20231114 15:21:38.232" endtime="20231114 15:21:38.232"/>
</kw>
<status status="PASS" starttime="20231114 15:21:38.231" endtime="20231114 15:21:38.232"/>
</test>
<test id="s1-s2-t2" name="Register With Already Taken Username And Valid Password" line="10">
<kw name="Input New Command And Create User" type="SETUP">
<kw name="Create User" library="AppLibrary">
<arg>kalle</arg>
<arg>kalle123#</arg>
<status status="PASS" starttime="20231114 15:21:38.233" endtime="20231114 15:21:38.233"/>
</kw>
<kw name="Input New Command" library="resource">
<kw name="Input" library="AppLibrary">
<arg>new</arg>
<status status="PASS" starttime="20231114 15:21:38.233" endtime="20231114 15:21:38.233"/>
</kw>
<status status="PASS" starttime="20231114 15:21:38.233" endtime="20231114 15:21:38.233"/>
</kw>
<status status="PASS" starttime="20231114 15:21:38.233" endtime="20231114 15:21:38.233"/>
</kw>
<kw name="Input Credentials" library="resource">
<arg>kalle</arg>
<arg>seppo123#</arg>
<kw name="Input" library="AppLibrary">
<arg>${username}</arg>
<status status="PASS" starttime="20231114 15:21:38.234" endtime="20231114 15:21:38.234"/>
</kw>
<kw name="Input" library="AppLibrary">
<arg>${password}</arg>
<status status="PASS" starttime="20231114 15:21:38.234" endtime="20231114 15:21:38.234"/>
</kw>
<kw name="Run Application" library="AppLibrary">
<status status="PASS" starttime="20231114 15:21:38.234" endtime="20231114 15:21:38.234"/>
</kw>
<status status="PASS" starttime="20231114 15:21:38.233" endtime="20231114 15:21:38.234"/>
</kw>
<kw name="Output Should Contain" library="AppLibrary">
<arg>User with username kalle already exists</arg>
<status status="PASS" starttime="20231114 15:21:38.234" endtime="20231114 15:21:38.234"/>
</kw>
<status status="PASS" starttime="20231114 15:21:38.233" endtime="20231114 15:21:38.234"/>
</test>
<test id="s1-s2-t3" name="Register With Too Short Username And Valid Password" line="14">
<kw name="Input New Command And Create User" type="SETUP">
<kw name="Create User" library="AppLibrary">
<arg>kalle</arg>
<arg>kalle123#</arg>
<status status="PASS" starttime="20231114 15:21:38.235" endtime="20231114 15:21:38.235"/>
</kw>
<kw name="Input New Command" library="resource">
<kw name="Input" library="AppLibrary">
<arg>new</arg>
<status status="PASS" starttime="20231114 15:21:38.235" endtime="20231114 15:21:38.235"/>
</kw>
<status status="PASS" starttime="20231114 15:21:38.235" endtime="20231114 15:21:38.235"/>
</kw>
<status status="PASS" starttime="20231114 15:21:38.235" endtime="20231114 15:21:38.235"/>
</kw>
<kw name="Input Credentials" library="resource">
<arg>k</arg>
<arg>kalle123#</arg>
<kw name="Input" library="AppLibrary">
<arg>${username}</arg>
<status status="PASS" starttime="20231114 15:21:38.235" endtime="20231114 15:21:38.236"/>
</kw>
<kw name="Input" library="AppLibrary">
<arg>${password}</arg>
<status status="PASS" starttime="20231114 15:21:38.236" endtime="20231114 15:21:38.236"/>
</kw>
<kw name="Run Application" library="AppLibrary">
<status status="PASS" starttime="20231114 15:21:38.236" endtime="20231114 15:21:38.236"/>
</kw>
<status status="PASS" starttime="20231114 15:21:38.235" endtime="20231114 15:21:38.236"/>
</kw>
<kw name="Output Should Contain" library="AppLibrary">
<arg>Username is too short</arg>
<status status="PASS" starttime="20231114 15:21:38.236" endtime="20231114 15:21:38.236"/>
</kw>
<status status="PASS" starttime="20231114 15:21:38.234" endtime="20231114 15:21:38.236"/>
</test>
<test id="s1-s2-t4" name="Register With Enough Long But Invalid Username And Valid Password" line="18">
<kw name="Input New Command And Create User" type="SETUP">
<kw name="Create User" library="AppLibrary">
<arg>kalle</arg>
<arg>kalle123#</arg>
<status status="PASS" starttime="20231114 15:21:38.236" endtime="20231114 15:21:38.237"/>
</kw>
<kw name="Input New Command" library="resource">
<kw name="Input" library="AppLibrary">
<arg>new</arg>
<status status="PASS" starttime="20231114 15:21:38.237" endtime="20231114 15:21:38.237"/>
</kw>
<status status="PASS" starttime="20231114 15:21:38.237" endtime="20231114 15:21:38.237"/>
</kw>
<status status="PASS" starttime="20231114 15:21:38.236" endtime="20231114 15:21:38.237"/>
</kw>
<kw name="Input Credentials" library="resource">
<arg>£$£$‚£$</arg>
<arg>kalle123#</arg>
<kw name="Input" library="AppLibrary">
<arg>${username}</arg>
<status status="PASS" starttime="20231114 15:21:38.237" endtime="20231114 15:21:38.237"/>
</kw>
<kw name="Input" library="AppLibrary">
<arg>${password}</arg>
<status status="PASS" starttime="20231114 15:21:38.237" endtime="20231114 15:21:38.237"/>
</kw>
<kw name="Run Application" library="AppLibrary">
<status status="PASS" starttime="20231114 15:21:38.237" endtime="20231114 15:21:38.237"/>
</kw>
<status status="PASS" starttime="20231114 15:21:38.237" endtime="20231114 15:21:38.237"/>
</kw>
<kw name="Output Should Contain" library="AppLibrary">
<arg>Username contains invalid characters</arg>
<status status="PASS" starttime="20231114 15:21:38.237" endtime="20231114 15:21:38.238"/>
</kw>
<status status="PASS" starttime="20231114 15:21:38.236" endtime="20231114 15:21:38.238"/>
</test>
<test id="s1-s2-t5" name="Register With Valid Username And Too Short Password" line="22">
<kw name="Input New Command And Create User" type="SETUP">
<kw name="Create User" library="AppLibrary">
<arg>kalle</arg>
<arg>kalle123#</arg>
<status status="PASS" starttime="20231114 15:21:38.238" endtime="20231114 15:21:38.238"/>
</kw>
<kw name="Input New Command" library="resource">
<kw name="Input" library="AppLibrary">
<arg>new</arg>
<status status="PASS" starttime="20231114 15:21:38.238" endtime="20231114 15:21:38.238"/>
</kw>
<status status="PASS" starttime="20231114 15:21:38.238" endtime="20231114 15:21:38.238"/>
</kw>
<status status="PASS" starttime="20231114 15:21:38.238" endtime="20231114 15:21:38.238"/>
</kw>
<kw name="Input Credentials" library="resource">
<arg>seppo</arg>
<arg>kille</arg>
<kw name="Input" library="AppLibrary">
<arg>${username}</arg>
<status status="PASS" starttime="20231114 15:21:38.239" endtime="20231114 15:21:38.239"/>
</kw>
<kw name="Input" library="AppLibrary">
<arg>${password}</arg>
<status status="PASS" starttime="20231114 15:21:38.239" endtime="20231114 15:21:38.239"/>
</kw>
<kw name="Run Application" library="AppLibrary">
<status status="PASS" starttime="20231114 15:21:38.239" endtime="20231114 15:21:38.239"/>
</kw>
<status status="PASS" starttime="20231114 15:21:38.239" endtime="20231114 15:21:38.239"/>
</kw>
<kw name="Output Should Contain" library="AppLibrary">
<arg>Password is too short</arg>
<status status="PASS" starttime="20231114 15:21:38.239" endtime="20231114 15:21:38.239"/>
</kw>
<status status="PASS" starttime="20231114 15:21:38.238" endtime="20231114 15:21:38.239"/>
</test>
<test id="s1-s2-t6" name="Register With Valid Username And Long Enough Password Containing Only Letters" line="26">
<kw name="Input New Command And Create User" type="SETUP">
<kw name="Create User" library="AppLibrary">
<arg>kalle</arg>
<arg>kalle123#</arg>
<status status="PASS" starttime="20231114 15:21:38.240" endtime="20231114 15:21:38.240"/>
</kw>
<kw name="Input New Command" library="resource">
<kw name="Input" library="AppLibrary">
<arg>new</arg>
<status status="PASS" starttime="20231114 15:21:38.240" endtime="20231114 15:21:38.240"/>
</kw>
<status status="PASS" starttime="20231114 15:21:38.240" endtime="20231114 15:21:38.240"/>
</kw>
<status status="PASS" starttime="20231114 15:21:38.240" endtime="20231114 15:21:38.240"/>
</kw>
<kw name="Input Credentials" library="resource">
<arg>seppo</arg>
<arg>asdfasdfsaf</arg>
<kw name="Input" library="AppLibrary">
<arg>${username}</arg>
<status status="PASS" starttime="20231114 15:21:38.240" endtime="20231114 15:21:38.241"/>
</kw>
<kw name="Input" library="AppLibrary">
<arg>${password}</arg>
<status status="PASS" starttime="20231114 15:21:38.241" endtime="20231114 15:21:38.241"/>
</kw>
<kw name="Run Application" library="AppLibrary">
<status status="PASS" starttime="20231114 15:21:38.241" endtime="20231114 15:21:38.241"/>
</kw>
<status status="PASS" starttime="20231114 15:21:38.240" endtime="20231114 15:21:38.241"/>
</kw>
<status status="PASS" starttime="20231114 15:21:38.239" endtime="20231114 15:21:38.241"/>
</test>
<status status="PASS" starttime="20231114 15:21:38.229" endtime="20231114 15:21:38.241"/>
</suite>
<status status="PASS" starttime="20231114 15:21:38.210" endtime="20231114 15:21:38.242"/>
</suite>
<statistics>
<total>
<stat pass="9" fail="0" skip="0">All Tests</stat>
</total>
<tag>
</tag>
<suite>
<stat pass="9" fail="0" skip="0" id="s1" name="Tests">Tests</stat>
<stat pass="3" fail="0" skip="0" id="s1-s1" name="Login">Tests.Login</stat>
<stat pass="6" fail="0" skip="0" id="s1-s2" name="Register">Tests.Register</stat>
</suite>
</statistics>
<errors>
</errors>
</robot>
